#
# A fatal error has been detected by the Java Runtime Environment:
#
#  SIGSEGV (0xb) at pc=0x00007fbf6e758401, pid=7556, tid=7572
#
# JRE version: OpenJDK Runtime Environment (11.0.6+10) (build 11.0.6+10-post-Ubuntu-1ubuntu118.04.1)
# Java VM: OpenJDK 64-Bit Server VM (11.0.6+10-post-Ubuntu-1ubuntu118.04.1, mixed mode, sharing, tiered, compressed oops, g1 gc, linux-amd64)
# Problematic frame:
# C  [libjimage.so+0x2401]
#
# Core dump will be written. Default location: Core dumps may be processed with "/usr/share/apport/apport %p %s %c %d %P %E" (or dumping to /home/anu/Workspace/Zio/Zio/core.7556)
#
# If you would like to submit a bug report, please visit:
#   https://bugs.launchpad.net/ubuntu/+source/openjdk-lts
#

---------------  S U M M A R Y ------------

Command Line: -agentlib:jdwp=transport=dt_socket,suspend=y,address=localhost:45213 -javaagent:/home/anu/eclipse/jee-2020-03/eclipse/configuration/org.eclipse.osgi/405/0/.cp/lib/javaagent-shaded.jar -Dfile.encoding=UTF-8 com.zuci.zio.Application

Host: Intel(R) Core(TM) i5-4200U CPU @ 1.60GHz, 4 cores, 7G, Ubuntu 18.04.4 LTS
Time: Tue Apr 21 21:25:04 2020 IST elapsed time: 35338 seconds (0d 9h 48m 58s)

---------------  T H R E A D  ---------------

Current thread (0x00007fbf6817e000):  JavaThread "Signal Dispatcher" daemon [_thread_in_vm, id=7572, stack(0x00007fbf6c0a5000,0x00007fbf6c1a6000)]

Stack: [0x00007fbf6c0a5000,0x00007fbf6c1a6000],  sp=0x00007fbf6c1a3140,  free space=1016k
Native frames: (J=compiled Java code, A=aot compiled Java code, j=interpreted, Vv=VM code, C=native code)
C  [libjimage.so+0x2401]
C  [libjimage.so+0x30ea]
C  [libjimage.so+0x35c6]  JIMAGE_FindResource+0xd6
V  [libjvm.so+0x59098e]