#
# A fatal error has been detected by the Java Runtime Environment:
#
#  SIGSEGV (0xb) at pc=0x00007ff809093401, pid=11429, tid=11445
#
# JRE version: OpenJDK Runtime Environment (11.0.6+10) (build 11.0.6+10-post-Ubuntu-1ubuntu118.04.1)
# Java VM: OpenJDK 64-Bit Server VM (11.0.6+10-post-Ubuntu-1ubuntu118.04.1, mixed mode, sharing, tiered, compressed oops, g1 gc, linux-amd64)
# Problematic frame:
# C  [libjimage.so+0x2401]
#
# Core dump will be written. Default location: Core dumps may be processed with "/usr/share/apport/apport %p %s %c %d %P %E" (or dumping to /home/anu/Workspace/Zio/Zio/core.11429)
#
# If you would like to submit a bug report, please visit:
#   https://bugs.launchpad.net/ubuntu/+source/openjdk-lts
#

---------------  S U M M A R Y ------------

Command Line: -agentlib:jdwp=transport=dt_socket,suspend=y,address=localhost:38391 -javaagent:/home/anu/eclipse/jee-2020-03/eclipse/configuration/org.eclipse.osgi/405/0/.cp/lib/javaagent-shaded.jar -Dfile.encoding=UTF-8 com.zuci.zio.Application

Host: Intel(R) Core(TM) i5-4200U CPU @ 1.60GHz, 4 cores, 7G, Ubuntu 18.04.4 LTS
Time: Tue May  5 14:31:15 2020 IST elapsed time: 6860 seconds (0d 1h 54m 20s)

---------------  T H R E A D  ---------------

Current thread (0x00007ff80417e000):  JavaThread "Signal Dispatcher" daemon [_thread_in_vm, id=11445, stack(0x00007ff7dcc2f000,0x00007ff7dcd30000)]

Stack: [0x00007ff7dcc2f000,0x00007ff7dcd30000],  sp=0x00007ff7dcd2d140,  free space=1016k
Native frames: (J=compiled Java code, A=aot compiled Java code, j=interpreted, Vv=VM code, C=native code)
C  [libjimage.so+0x2401]
C  [libjimage.so+0x30ea]
C  [libjimage.so+0x35c6]  JIMAGE_FindResource+0xd6
V  [libjvm.so+0x59098e]
V  [libjvm.so+0x5936f0]
V  [libjvm.so+0xd49c05]
V  [libjvm.so+0xd4759a]
V  [libjvm.so+0xd4a192]
V  [libjvm.so+0x644c4d]
V  [libjvm.so+0x839b0c]
j  jdk.internal.misc.Signal.dispatch(I)V+25 java.base@11.0.6
v  ~StubRoutines::call_stub
V  [libjvm.so+0x8493b9]
V  [libjvm.so+0x8481a5]
V  [libjvm.so+0xbbdaac]
V  [libjvm.so+0xd83203]
V  [libjvm.so+0xd834d5]
V  [libjvm.so+0xd7f20a]
V  [libjvm.so+0xbcf1fe]

Java frames: (J=compiled Java code, j=interpreted, Vv=VM code)
j  jdk.internal.misc.Signal.dispatch(I)V+25 java.base@11.0.6
v  ~StubRoutines::call_stub

siginfo: si_signo: 11 (SIGSEGV), si_code: 1 (SEGV_MAPERR), si_addr: 0x00007ff7fb91bdf8

Register to memory mapping:

RAX=0x0000000000002f77 is an unknown value
RBX=0x00007ff7dcd2d1f1 is pointing into the stack for thread: 0x00007ff80417e000
RCX=0x00007ff7fb91001c is an unknown value
RDX=0x0000000000002f77 is an unknown value
RSP=0x00007ff7dcd2d140 is pointing into the stack for thread: 0x00007ff80417e000
RBP=0x00007ff7dcd2d160 is pointing into the stack for thread: 0x00007ff80417e000
RSI=0x00007ff7dcd2d1f0 is pointing into the stack for thread: 0x00007ff80417e000
RDI=0x00007ff809296130: <offset 0x0000000000205130> in /usr/lib/jvm/java-11-openjdk-amd64/lib/libjimage.so at 0x00007ff809091000
R8 =0x0 is NULL
R9 =0x0000000076100fa4 is an unknown value
R10=0x00007ff7dcd2d213 is pointing into the stack for thread: 0x00007ff80417e000
R11=0x00007ff80bf558dd: <offset 0x0000000000eac8dd> in /usr/lib/jvm/java-11-openjdk-amd64/lib/server/libjvm.so at 0x00007ff80b0a9000
R12=0x00007ff7dcd2d1f0 is pointing into the stack for thread: 0x00007ff80417e000
R13=0x00000000000083a0 is an unknown value
R14=0x00007ff7dcd2e288 is pointing into the stack for thread: 0x00007ff80417e000
R15=0x00007ff80417e880 points into unknown readable memory: 6a 64 6b 2f 69 6e 74 65


Registers:
RAX=0x0000000000002f77, RBX=0x00007ff7dcd2d1f1, RCX=0x00007ff7fb91001c, RDX=0x0000000000002f77
RSP=0x00007ff7dcd2d140, RBP=0x00007ff7dcd2d160, RSI=0x00007ff7dcd2d1f0, RDI=0x00007ff809296130
R8 =0x0000000000000000, R9 =0x0000000076100fa4, R10=0x00007ff7dcd2d213, R11=0x00007ff80bf558dd
R12=0x00007ff7dcd2d1f0, R13=0x00000000000083a0, R14=0x00007ff7dcd2e288, R15=0x00007ff80417e880
RIP=0x00007ff809093401, EFLAGS=0x0000000000010246, CSGSFS=0x002b000000000033, ERR=0x0000000000000004
  TRAPNO=0x000000000000000e

Top of Stack: (sp=0x00007ff7dcd2d140)
0x00007ff7dcd2d140:   0000000000000000 00007ff804025f70
0x00007ff7dcd2d150:   0000000000000000 00007ff7dcd2d1f0
0x00007ff7dcd2d160:   00007ff7dcd2d1d0 00007ff8090940ea
0x00007ff7dcd2d170:   0000000000000000 0000000000000000 

Instructions: (pc=0x00007ff809093401)
0x00007ff809093301:   c5 4c 01 e3 48 89 ce e8 d3 f3 ff ff e9 69 fd ff
0x00007ff809093311:   ff 89 d1 0f b7 74 08 fe 66 41 89 74 0e fe e9 7a
0x00007ff809093321:   fe ff ff 0f 1f 40 00 8b 08 49 8d 1c 16 41 89 0e
0x00007ff809093331:   89 d1 8b 74 08 fc 41 89 74 0e fc 48 8d 34 10 48
0x00007ff809093341:   89 75 b8 e9 0b fe ff ff 0f 1f 80 00 00 00 00 0f
0x00007ff809093351:   b6 17 55 89 f0 48 89 e5 84 d2 74 22 48 8d 4f 01
0x00007ff809093361:   0f 1f 80 00 00 00 00 48 83 c1 01 0f b6 f2 0f b6
0x00007ff809093371:   51 ff 69 c0 93 01 00 01 31 f0 84 d2 75 e9 25 ff
0x00007ff809093381:   ff ff 7f 5d c3 66 2e 0f 1f 84 00 00 00 00 00 48
0x00007ff809093391:   85 d2 0f 84 dd 00 00 00 85 c9 0f 84 d5 00 00 00
0x00007ff8090933a1:   55 48 89 e5 41 55 41 54 53 48 8d 5e 01 48 83 ec
0x00007ff8090933b1:   08 44 0f b6 06 45 84 c0 0f 84 a9 00 00 00 49 89
0x00007ff8090933c1:   da b8 93 01 00 01 66 0f 1f 84 00 00 00 00 00 49
0x00007ff8090933d1:   83 c2 01 44 69 c8 93 01 00 01 41 0f b6 c0 45 0f
0x00007ff8090933e1:   b6 42 ff 44 31 c8 45 84 c0 75 e4 25 ff ff ff 7f
0x00007ff8090933f1:   41 89 cd 48 89 d1 31 d2 41 f7 f5 49 89 f4 89 d0
0x00007ff809093401:   8b 34 81 48 8b 07 ff 50 20 83 f8 00 7e 41 41 0f
0x00007ff809093411:   b6 14 24 84 d2 74 1c 0f 1f 84 00 00 00 00 00 69
0x00007ff809093421:   c0 93 01 00 01 48 83 c3 01 31 d0 0f b6 53 ff 84
0x00007ff809093431:   d2 75 ec 25 ff ff ff 7f 31 d2 41 f7 f5 48 83 c4
0x00007ff809093441:   08 89 d0 5b 41 5c 41 5d 5d c3 0f 1f 44 00 00 74
0x00007ff809093451:   1d f7 d0 48 83 c4 08 89 c2 5b 89 d0 41 5c 41 5d
0x00007ff809093461:   5d c3 0f 1f 44 00 00 b8 93 01 00 01 eb 82 ba ff
0x00007ff809093471:   ff ff ff eb c8 83 ca ff 89 d0 c3 0f 1f 40 00 0f
0x00007ff809093481:   b6 17 55 48 89 f8 48 89 e5 84 d2 75 15 eb 1a 38
0x00007ff809093491:   ca 75 1c 48 83 c0 01 0f b6 10 48 83 c6 01 84 d2
0x00007ff8090934a1:   74 07 0f b6 0e 84 c9 75 e6 5d c3 0f 1f 40 00 31
0x00007ff8090934b1:   c0 5d c3 66 90 66 2e 0f 1f 84 00 00 00 00 00 55
0x00007ff8090934c1:   48 85 f6 48 89 e5 74 57 0f 1f 80 00 00 00 00 0f
0x00007ff8090934d1:   b6 06 84 c0 74 49 0f b6 d0 83 e0 07 c1 fa 03 44
0x00007ff8090934e1:   8d 50 01 0f b6 c0 41 89 d1 48 8d 56 01 4c 8d 44
0x00007ff8090934f1:   06 02 31 c0 0f 1f 00 0f b6 0a 48 c1 e0 08 48 83 


Stack slot to memory mapping:
stack at sp + 0 slots: 0x0 is NULL
stack at sp + 1 slots: 0x00007ff804025f70 points into unknown readable memory: 00 3c 0e a4 f7 7f 00 00
stack at sp + 2 slots: 0x0 is NULL
stack at sp + 3 slots: 0x00007ff7dcd2d1f0 is pointing into the stack for thread: 0x00007ff80417e000
stack at sp + 4 slots: 0x00007ff7dcd2d1d0 is pointing into the stack for thread: 0x00007ff80417e000
stack at sp + 5 slots: 0x00007ff8090940ea: <offset 0x00000000000030ea> in /usr/lib/jvm/java-11-openjdk-amd64/lib/libjimage.so at 0x00007ff809091000
stack at sp + 6 slots: 0x0 is NULL
stack at sp + 7 slots: 0x0 is NULL


---------------  P R O C E S S  ---------------

Threads class SMR info:
_java_thread_list=0x00007ff79c0029b0, length=41, elements={
0x00007ff804176800, 0x00007ff804178800, 0x00007ff80417e000, 0x00007ff804180000,
0x00007ff804182000, 0x00007ff804184000, 0x00007ff80419a000, 0x00007ff8041dd800,
0x00007ff8041e1000, 0x00007ff80464a000, 0x00007ff78dedd800, 0x00007ff78dee9800,
0x00007ff78deef000, 0x00007ff78d07c000, 0x00007ff78cf67800, 0x00007ff804018800,
0x00007ff780409000, 0x00007ff770349000, 0x00007ff76c146000, 0x00007ff78d44f000,
0x00007ff76cb68000, 0x00007ff76c783800, 0x00007ff76c145800, 0x00007ff76c02f000,
0x00007ff76c783000, 0x00007ff76c030000, 0x00007ff76cbcf800, 0x00007ff76cc72000,
0x00007ff76cc73000, 0x00007ff76c48e000, 0x00007ff76c48f000, 0x00007ff76c48f800,
0x00007ff76c490800, 0x00007ff76c491000, 0x00007ff76c492800, 0x00007ff76c497000,
0x00007ff76c499000, 0x00007ff789054000, 0x00007ff7a800d800, 0x00007ff7900b7800,
0x00007ff77400e800
}

Java Threads: ( => current thread )
  0x00007ff804176800 JavaThread "Reference Handler" daemon [_thread_blocked, id=11443, stack(0x00007ff7e406a000,0x00007ff7e416b000)]
  0x00007ff804178800 JavaThread "Finalizer" daemon [_thread_blocked, id=11444, stack(0x00007ff7dd6ff000,0x00007ff7dd800000)]
=>0x00007ff80417e000 JavaThread "Signal Dispatcher" daemon [_thread_in_vm, id=11445, stack(0x00007ff7dcc2f000,0x00007ff7dcd30000)]
  0x00007ff804180000 JavaThread "C2 CompilerThread0" daemon [_thread_blocked, id=11446, stack(0x00007ff7dcb2e000,0x00007ff7dcc2f000)]
  0x00007ff804182000 JavaThread "C1 CompilerThread0" daemon [_thread_blocked, id=11447, stack(0x00007ff7dca2d000,0x00007ff7dcb2e000)]
  0x00007ff804184000 JavaThread "Sweeper thread" daemon [_thread_blocked, id=11448, stack(0x00007ff7dc92c000,0x00007ff7dca2d000)]
  0x00007ff80419a000 JavaThread "Common-Cleaner" daemon [_thread_blocked, id=11449, stack(0x00007ff7dc82b000,0x00007ff7dc92c000)]
  0x00007ff8041dd800 JavaThread "JDWP Transport Listener: dt_socket" daemon [_thread_in_native, id=11452, stack(0x00007ff7dc423000,0x00007ff7dc524000)]
  0x00007ff8041e1000 JavaThread "JDWP Event Helper Thread" daemon [_thread_blocked, id=11455, stack(0x00007ff7dc322000,0x00007ff7dc423000)]
  0x00007ff80464a000 JavaThread "Service Thread" daemon [_thread_blocked, id=11459, stack(0x00007ff7a3ce8000,0x00007ff7a3de9000)]
  0x00007ff78dedd800 JavaThread "Thread-4" daemon [_thread_in_native, id=11468, stack(0x00007ff7a277b000,0x00007ff7a287c000)]
  0x00007ff78dee9800 JavaThread "process reaper" daemon [_thread_in_native, id=11470, stack(0x00007ff80d156000,0x00007ff80d178000)]
  0x00007ff78deef000 JavaThread "webpack" daemon [_thread_in_native, id=11492, stack(0x00007ff7dc72a000,0x00007ff7dc82b000)]
  0x00007ff78d07c000 JavaThread "mysql-cj-abandoned-connection-cleanup" daemon [_thread_blocked, id=11532, stack(0x00007ff7a0f91000,0x00007ff7a1092000)]
  0x00007ff78cf67800 JavaThread "Live Reload Server" daemon [_thread_in_native, id=11535, stack(0x00007ff7a0c8e000,0x00007ff7a0d8f000)]
  0x00007ff804018800 JavaThread "DestroyJavaVM" [_thread_blocked, id=11436, stack(0x00007ff80d21a000,0x00007ff80d31b000)]
  0x00007ff780409000 JavaThread "Java2D Disposer" daemon [_thread_blocked, id=11565, stack(0x00007ff7a327e000,0x00007ff7a337f000)]
  0x00007ff770349000 JavaThread "Atmosphere-Shared-0" daemon [_thread_blocked, id=17924, stack(0x00007ff7a0084000,0x00007ff7a0185000)]
  0x00007ff76c146000 JavaThread "Catalina-utility-1" [_thread_blocked, id=18126, stack(0x00007ff7a0589000,0x00007ff7a068a000)]
  0x00007ff78d44f000 JavaThread "Catalina-utility-2" [_thread_blocked, id=18127, stack(0x00007ff7664f2000,0x00007ff7665f3000)]
  0x00007ff76cb68000 JavaThread "container-0" [_thread_blocked, id=18128, stack(0x00007ff7a068a000,0x00007ff7a078b000)]
  0x00007ff76c783800 JavaThread "File Watcher" daemon [_thread_blocked, id=18129, stack(0x00007ff7a0185000,0x00007ff7a0286000)]
  0x00007ff76c145800 JavaThread "Atmosphere-Scheduler-0" daemon [_thread_blocked, id=18130, stack(0x00007ff767cfd000,0x00007ff767dfe000)]
  0x00007ff76c02f000 JavaThread "Atmosphere-Shared-0" daemon [_thread_blocked, id=18131, stack(0x00007ff7a078b000,0x00007ff7a088c000)]
  0x00007ff76c783000 JavaThread "http-nio-8080-BlockPoller" daemon [_thread_in_native, id=18133, stack(0x00007ff7a0d8f000,0x00007ff7a0e90000)]
  0x00007ff76c030000 JavaThread "http-nio-8080-exec-1" daemon [_thread_blocked, id=18134, stack(0x00007ff7a098d000,0x00007ff7a0a8e000)]
  0x00007ff76cbcf800 JavaThread "http-nio-8080-exec-2" daemon [_thread_blocked, id=18135, stack(0x00007ff7a307c000,0x00007ff7a317d000)]
  0x00007ff76cc72000 JavaThread "http-nio-8080-exec-3" daemon [_thread_blocked, id=18136, stack(0x00007ff767afb000,0x00007ff767bfc000)]
  0x00007ff76cc73000 JavaThread "http-nio-8080-exec-4" daemon [_thread_blocked, id=18137, stack(0x00007ff767dfe000,0x00007ff767eff000)]
  0x00007ff76c48e000 JavaThread "http-nio-8080-exec-5" daemon [_thread_blocked, id=18138, stack(0x00007ff7663f1000,0x00007ff7664f2000)]
  0x00007ff76c48f000 JavaThread "http-nio-8080-exec-6" daemon [_thread_blocked, id=18139, stack(0x00007ff7a0e90000,0x00007ff7a0f91000)]
  0x00007ff76c48f800 JavaThread "http-nio-8080-exec-7" daemon [_thread_blocked, id=18140, stack(0x00007ff7a0286000,0x00007ff7a0387000)]
  0x00007ff76c490800 JavaThread "http-nio-8080-exec-8" daemon [_thread_blocked, id=18141, stack(0x00007ff7a317d000,0x00007ff7a327e000)]
  0x00007ff76c491000 JavaThread "http-nio-8080-exec-9" daemon [_thread_blocked, id=18142, stack(0x00007ff7a1292000,0x00007ff7a1393000)]
  0x00007ff76c492800 JavaThread "http-nio-8080-exec-10" daemon [_thread_blocked, id=18143, stack(0x00007ff7a1494000,0x00007ff7a1595000)]
  0x00007ff76c497000 JavaThread "http-nio-8080-ClientPoller" daemon [_thread_in_native, id=18144, stack(0x00007ff764cf0000,0x00007ff764df1000)]
  0x00007ff76c499000 JavaThread "http-nio-8080-Acceptor" daemon [_thread_in_native, id=18145, stack(0x00007ff764bef000,0x00007ff764cf0000)]
  0x00007ff789054000 JavaThread "HikariPool-18 housekeeper" daemon [_thread_blocked, id=18243, stack(0x00007ff7a0488000,0x00007ff7a0589000)]
  0x00007ff7a800d800 JavaThread "Atmosphere-Scheduler-16" daemon [_thread_blocked, id=18715, stack(0x00007ff764aee000,0x00007ff764bef000)]
  0x00007ff7900b7800 JavaThread "Atmosphere-Scheduler-18" daemon [_thread_blocked, id=18930, stack(0x00007ff7a088c000,0x00007ff7a098d000)]
  0x00007ff77400e800 JavaThread "Atmosphere-Scheduler-15" daemon [_thread_blocked, id=18934, stack(0x00007ff767bfc000,0x00007ff767cfd000)]

Other Threads:
  0x00007ff804173800 VMThread "VM Thread" [stack: 0x00007ff7e416d000,0x00007ff7e426d000] [id=11442]
  0x00007ff80464c000 WatcherThread [stack: 0x00007ff7a3be8000,0x00007ff7a3ce8000] [id=11460]
  0x00007ff804031800 GCTaskThread "GC Thread#0" [stack: 0x00007ff808dbb000,0x00007ff808ebb000] [id=11437]
  0x00007ff7d0001000 GCTaskThread "GC Thread#1" [stack: 0x00007ff7a3a10000,0x00007ff7a3b10000] [id=11461]
  0x00007ff7d011b800 GCTaskThread "GC Thread#2" [stack: 0x00007ff7a3503000,0x00007ff7a3603000] [id=11465]
  0x00007ff7d011d000 GCTaskThread "GC Thread#3" [stack: 0x00007ff7a3401000,0x00007ff7a3501000] [id=11466]
  0x00007ff804061800 ConcurrentGCThread "G1 Main Marker" [stack: 0x00007ff808133000,0x00007ff808233000] [id=11438]
  0x00007ff804063000 ConcurrentGCThread "G1 Conc#0" [stack: 0x00007ff808031000,0x00007ff808131000] [id=11439]
  0x00007ff8040d9800 ConcurrentGCThread "G1 Refine#0" [stack: 0x00007ff7ec04b000,0x00007ff7ec14b000] [id=11440]
  0x00007ff8040db800 ConcurrentGCThread "G1 Young RemSet Sampling" [stack: 0x00007ff7e42f0000,0x00007ff7e43f0000] [id=11441]

Threads with active compile tasks:

VM state:not at safepoint (normal execution)

VM Mutex/Monitor currently owned by a thread: None

Heap address: 0x0000000087e00000, size: 1922 MB, Compressed Oops mode: 32-bit
Narrow klass base: 0x0000000800000000, Narrow klass shift: 3
Compressed class space size: 1073741824 Address: 0x0000000840000000

Heap:
 garbage-first heap   total 181248K, used 77880K [0x0000000087e00000, 0x0000000100000000)
  region size 1024K, 25 young (25600K), 7 survivors (7168K)
 Metaspace       used 75877K, capacity 80767K, committed 80972K, reserved 1120256K
  class space    used 8489K, capacity 10055K, committed 10060K, reserved 1048576K
Heap Regions: E=young(eden), S=young(survivor), O=old, HS=humongous(starts), HC=humongous(continues), CS=collection set, F=free, A=archive, TAMS=top-at-mark-start (previous, next)
|   0|0x0000000087e00000, 0x0000000087effff0, 0x0000000087f00000| 99%| O|  |TAMS 0x0000000087effff0, 0x0000000087e00000| Untracked 
|   1|0x0000000087f00000, 0x0000000087ffffc8, 0x0000000088000000| 99%| O|  |TAMS 0x0000000087ffffc8, 0x0000000087f00000| Untracked 
|   2|0x0000000088000000, 0x00000000880fff00, 0x0000000088100000| 99%| O|  |TAMS 0x00000000880fff00, 0x0000000088000000| Untracked 
|   3|0x0000000088100000, 0x00000000881ffff0, 0x0000000088200000| 99%| O|  |TAMS 0x00000000881ffff0, 0x0000000088100000| Untracked 
|   4|0x0000000088200000, 0x00000000882ffff0, 0x0000000088300000| 99%| O|  |TAMS 0x00000000882ffff0, 0x0000000088200000| Untracked 
|   5|0x0000000088300000, 0x00000000883ffff8, 0x0000000088400000| 99%| O|  |TAMS 0x00000000883ffff8, 0x0000000088300000| Untracked 
|   6|0x0000000088400000, 0x00000000884ffff0, 0x0000000088500000| 99%| O|  |TAMS 0x00000000884ffff0, 0x0000000088400000| Untracked 
|   7|0x0000000088500000, 0x00000000885ffff0, 0x0000000088600000| 99%| O|  |TAMS 0x00000000885ffff0, 0x0000000088500000| Untracked 
|   8|0x0000000088600000, 0x00000000886ffff8, 0x0000000088700000| 99%| O|  |TAMS 0x00000000886ffff8, 0x0000000088600000| Untracked 
|   9|0x0000000088700000, 0x00000000887ffec8, 0x0000000088800000| 99%| O|  |TAMS 0x00000000887ffec8, 0x0000000088700000| Untracked 
|  10|0x0000000088800000, 0x00000000888fff78, 0x0000000088900000| 99%| O|  |TAMS 0x00000000888fff78, 0x0000000088800000| Untracked 
|  11|0x0000000088900000, 0x0000000088a00000, 0x0000000088a00000|100%| O|  |TAMS 0x0000000088a00000, 0x0000000088900000| Untracked 
|  12|0x0000000088a00000, 0x0000000088b00000, 0x0000000088b00000|100%| O|  |TAMS 0x0000000088b00000, 0x0000000088a00000| Untracked 
|  13|0x0000000088b00000, 0x0000000088bfff90, 0x0000000088c00000| 99%| O|  |TAMS 0x0000000088bfff90, 0x0000000088b00000| Untracked 
|  14|0x0000000088c00000, 0x0000000088cfffc0, 0x0000000088d00000| 99%| O|  |TAMS 0x0000000088cfffc0, 0x0000000088c00000| Untracked 
|  15|0x0000000088d00000, 0x0000000088e00000, 0x0000000088e00000|100%| O|  |TAMS 0x0000000088e00000, 0x0000000088d00000| Untracked 
|  16|0x0000000088e00000, 0x0000000088effff0, 0x0000000088f00000| 99%| O|  |TAMS 0x0000000088effff0, 0x0000000088e00000| Untracked 
|  17|0x0000000088f00000, 0x0000000088ffffe0, 0x0000000089000000| 99%| O|  |TAMS 0x0000000088ffffe0, 0x0000000088f00000| Untracked 
|  18|0x0000000089000000, 0x00000000890fffe0, 0x0000000089100000| 99%| O|  |TAMS 0x00000000890fffe0, 0x0000000089000000| Untracked 
|  19|0x0000000089100000, 0x00000000891ffff0, 0x0000000089200000| 99%| O|  |TAMS 0x00000000891ffff0, 0x0000000089100000| Untracked 
|  20|0x0000000089200000, 0x00000000892fffd8, 0x0000000089300000| 99%| O|  |TAMS 0x00000000892fffd8, 0x0000000089200000| Untracked 
|  21|0x0000000089300000, 0x00000000893ffff8, 0x0000000089400000| 99%| O|  |TAMS 0x00000000893ffff8, 0x0000000089300000| Untracked 
|  22|0x0000000089400000, 0x00000000894fffb8, 0x0000000089500000| 99%| O|  |TAMS 0x00000000894fffb8, 0x0000000089400000| Untracked 
|  23|0x0000000089500000, 0x00000000895fff50, 0x0000000089600000| 99%| O|  |TAMS 0x00000000895fff50, 0x0000000089500000| Untracked 
|  24|0x0000000089600000, 0x00000000896ffff0, 0x0000000089700000| 99%| O|  |TAMS 0x00000000896ffff0, 0x0000000089600000| Untracked 
|  25|0x0000000089700000, 0x00000000897fffd0, 0x0000000089800000| 99%| O|  |TAMS 0x00000000897fffd0, 0x0000000089700000| Untracked 
|  26|0x0000000089800000, 0x00000000898ffff8, 0x0000000089900000| 99%| O|  |TAMS 0x00000000898ffff8, 0x0000000089800000| Untracked 
|  27|0x0000000089900000, 0x00000000899fffd0, 0x0000000089a00000| 99%| O|  |TAMS 0x00000000899fffd0, 0x0000000089900000| Untracked 
|  28|0x0000000089a00000, 0x0000000089b00000, 0x0000000089b00000|100%| O|  |TAMS 0x0000000089b00000, 0x0000000089a00000| Untracked 
|  29|0x0000000089b00000, 0x0000000089bfffe0, 0x0000000089c00000| 99%| O|  |TAMS 0x0000000089bfffe0, 0x0000000089b00000| Untracked 
|  30|0x0000000089c00000, 0x0000000089d00000, 0x0000000089d00000|100%| O|  |TAMS 0x0000000089d00000, 0x0000000089c00000| Untracked 
|  31|0x0000000089d00000, 0x0000000089dfffe8, 0x0000000089e00000| 99%| O|  |TAMS 0x0000000089dfffe8, 0x0000000089d00000| Untracked 
|  32|0x0000000089e00000, 0x0000000089f00000, 0x0000000089f00000|100%| O|  |TAMS 0x0000000089f00000, 0x0000000089e00000| Untracked 
|  33|0x0000000089f00000, 0x0000000089fffff8, 0x000000008a000000| 99%| O|  |TAMS 0x0000000089fffff8, 0x0000000089f00000| Untracked 
|  34|0x000000008a000000, 0x000000008a0fffb0, 0x000000008a100000| 99%| O|  |TAMS 0x000000008a0fffb0, 0x000000008a000000| Untracked 
|  35|0x000000008a100000, 0x000000008a200000, 0x000000008a200000|100%| O|  |TAMS 0x000000008a200000, 0x000000008a100000| Untracked 
|  36|0x000000008a200000, 0x000000008a2ffff0, 0x000000008a300000| 99%| O|  |TAMS 0x000000008a2ffff0, 0x000000008a200000| Untracked 
|  37|0x000000008a300000, 0x000000008a3fffe8, 0x000000008a400000| 99%| O|  |TAMS 0x000000008a3fffe8, 0x000000008a300000| Untracked 
|  38|0x000000008a400000, 0x000000008a4eb6a8, 0x000000008a500000| 91%| O|  |TAMS 0x000000008a4eb6a8, 0x000000008a400000| Untracked 
|  39|0x000000008a500000, 0x000000008a5fffd0, 0x000000008a600000| 99%| O|  |TAMS 0x000000008a5fffd0, 0x000000008a500000| Untracked 
|  40|0x000000008a600000, 0x000000008a6ffff0, 0x000000008a700000| 99%| O|  |TAMS 0x000000008a6ffff0, 0x000000008a600000| Untracked 
|  41|0x000000008a700000, 0x000000008a7fe948, 0x000000008a800000| 99%| O|  |TAMS 0x000000008a7fe948, 0x000000008a700000| Untracked 
|  42|0x000000008a800000, 0x000000008a900000, 0x000000008a900000|100%| O|  |TAMS 0x000000008a900000, 0x000000008a800000| Untracked 
|  43|0x000000008a900000, 0x000000008aa00000, 0x000000008aa00000|100%| O|  |TAMS 0x000000008aa00000, 0x000000008a900000| Untracked 
|  44|0x000000008aa00000, 0x000000008aaffff0, 0x000000008ab00000| 99%| O|  |TAMS 0x000000008aaffff0, 0x000000008aa00000| Untracked 
|  45|0x000000008ab00000, 0x000000008ab15200, 0x000000008ac00000|  8%| O|  |TAMS 0x000000008ab15200, 0x000000008ab00000| Untracked 
|  46|0x000000008ac00000, 0x000000008ac487f8, 0x000000008ad00000| 28%| O|  |TAMS 0x000000008ac487f8, 0x000000008ac00000| Untracked 
|  47|0x000000008ad00000, 0x000000008ae00000, 0x000000008ae00000|100%| O|  |TAMS 0x000000008ae00000, 0x000000008ad00000| Untracked 
|  48|0x000000008ae00000, 0x000000008af00000, 0x000000008af00000|100%| O|  |TAMS 0x000000008af00000, 0x000000008ae00000| Untracked 
|  49|0x000000008af00000, 0x000000008af49a00, 0x000000008b000000| 28%| O|  |TAMS 0x000000008af49a00, 0x000000008af00000| Untracked 
|  50|0x000000008b000000, 0x000000008b000000, 0x000000008b100000|  0%| F|  |TAMS 0x000000008b000000, 0x000000008b000000| Untracked 
|  51|0x000000008b100000, 0x000000008b100000, 0x000000008b200000|  0%| F|  |TAMS 0x000000008b100000, 0x000000008b100000| Untracked 
|  52|0x000000008b200000, 0x000000008b200000, 0x000000008b300000|  0%| F|  |TAMS 0x000000008b200000, 0x000000008b200000| Untracked 
|  53|0x000000008b300000, 0x000000008b300000, 0x000000008b400000|  0%| F|  |TAMS 0x000000008b300000, 0x000000008b300000| Untracked 
|  54|0x000000008b400000, 0x000000008b500000, 0x000000008b500000|100%|HS|  |TAMS 0x000000008b400000, 0x000000008b400000| Complete 
|  55|0x000000008b500000, 0x000000008b600000, 0x000000008b600000|100%|HC|  |TAMS 0x000000008b500000, 0x000000008b500000| Complete 
|  56|0x000000008b600000, 0x000000008b700000, 0x000000008b700000|100%|HC|  |TAMS 0x000000008b600000, 0x000000008b600000| Complete 
|  57|0x000000008b700000, 0x000000008b800000, 0x000000008b800000|100%|HS|  |TAMS 0x000000008b700000, 0x000000008b700000| Complete 
|  58|0x000000008b800000, 0x000000008b900000, 0x000000008b900000|100%|HC|  |TAMS 0x000000008b800000, 0x000000008b800000| Complete 
|  59|0x000000008b900000, 0x000000008b900000, 0x000000008ba00000|  0%| F|  |TAMS 0x000000008b900000, 0x000000008b900000| Untracked 
|  60|0x000000008ba00000, 0x000000008ba00000, 0x000000008bb00000|  0%| F|  |TAMS 0x000000008ba00000, 0x000000008ba00000| Untracked 
|  61|0x000000008bb00000, 0x000000008bb00000, 0x000000008bc00000|  0%| F|  |TAMS 0x000000008bb00000, 0x000000008bb00000| Untracked 
|  62|0x000000008bc00000, 0x000000008bc00000, 0x000000008bd00000|  0%| F|  |TAMS 0x000000008bc00000, 0x000000008bc00000| Untracked 
|  63|0x000000008bd00000, 0x000000008bd00000, 0x000000008be00000|  0%| F|  |TAMS 0x000000008bd00000, 0x000000008bd00000| Untracked 
|  64|0x000000008be00000, 0x000000008be00000, 0x000000008bf00000|  0%| F|  |TAMS 0x000000008be00000, 0x000000008be00000| Untracked 
|  65|0x000000008bf00000, 0x000000008bf00000, 0x000000008c000000|  0%| F|  |TAMS 0x000000008bf00000, 0x000000008bf00000| Untracked 
|  66|0x000000008c000000, 0x000000008c000000, 0x000000008c100000|  0%| F|  |TAMS 0x000000008c000000, 0x000000008c000000| Untracked 
|  67|0x000000008c100000, 0x000000008c100000, 0x000000008c200000|  0%| F|  |TAMS 0x000000008c100000, 0x000000008c100000| Untracked 
|  68|0x000000008c200000, 0x000000008c200000, 0x000000008c300000|  0%| F|  |TAMS 0x000000008c200000, 0x000000008c200000| Untracked 
|  69|0x000000008c300000, 0x000000008c300000, 0x000000008c400000|  0%| F|  |TAMS 0x000000008c300000, 0x000000008c300000| Untracked 
|  70|0x000000008c400000, 0x000000008c400000, 0x000000008c500000|  0%| F|  |TAMS 0x000000008c400000, 0x000000008c400000| Untracked 
|  71|0x000000008c500000, 0x000000008c500000, 0x000000008c600000|  0%| F|  |TAMS 0x000000008c500000, 0x000000008c500000| Untracked 
|  72|0x000000008c600000, 0x000000008c600000, 0x000000008c700000|  0%| F|  |TAMS 0x000000008c600000, 0x000000008c600000| Untracked 
|  73|0x000000008c700000, 0x000000008c700000, 0x000000008c800000|  0%| F|  |TAMS 0x000000008c700000, 0x000000008c700000| Untracked 
|  74|0x000000008c800000, 0x000000008c800000, 0x000000008c900000|  0%| F|  |TAMS 0x000000008c800000, 0x000000008c800000| Untracked 
|  75|0x000000008c900000, 0x000000008c900000, 0x000000008ca00000|  0%| F|  |TAMS 0x000000008c900000, 0x000000008c900000| Untracked 
|  76|0x000000008ca00000, 0x000000008ca00000, 0x000000008cb00000|  0%| F|  |TAMS 0x000000008ca00000, 0x000000008ca00000| Untracked 
|  77|0x000000008cb00000, 0x000000008cb00000, 0x000000008cc00000|  0%| F|  |TAMS 0x000000008cb00000, 0x000000008cb00000| Untracked 
|  78|0x000000008cc00000, 0x000000008cc00000, 0x000000008cd00000|  0%| F|  |TAMS 0x000000008cc00000, 0x000000008cc00000| Untracked 
|  79|0x000000008cd00000, 0x000000008cd00000, 0x000000008ce00000|  0%| F|  |TAMS 0x000000008cd00000, 0x000000008cd00000| Untracked 
|  80|0x000000008ce00000, 0x000000008ce00000, 0x000000008cf00000|  0%| F|  |TAMS 0x000000008ce00000, 0x000000008ce00000| Untracked 
|  81|0x000000008cf00000, 0x000000008cf00000, 0x000000008d000000|  0%| F|  |TAMS 0x000000008cf00000, 0x000000008cf00000| Untracked 
|  82|0x000000008d000000, 0x000000008d000000, 0x000000008d100000|  0%| F|  |TAMS 0x000000008d000000, 0x000000008d000000| Untracked 
|  83|0x000000008d100000, 0x000000008d100000, 0x000000008d200000|  0%| F|  |TAMS 0x000000008d100000, 0x000000008d100000| Untracked 
|  84|0x000000008d200000, 0x000000008d200000, 0x000000008d300000|  0%| F|  |TAMS 0x000000008d200000, 0x000000008d200000| Untracked 
|  85|0x000000008d300000, 0x000000008d300000, 0x000000008d400000|  0%| F|  |TAMS 0x000000008d300000, 0x000000008d300000| Untracked 
|  86|0x000000008d400000, 0x000000008d400000, 0x000000008d500000|  0%| F|  |TAMS 0x000000008d400000, 0x000000008d400000| Untracked 
|  87|0x000000008d500000, 0x000000008d500000, 0x000000008d600000|  0%| F|  |TAMS 0x000000008d500000, 0x000000008d500000| Untracked 
|  88|0x000000008d600000, 0x000000008d600000, 0x000000008d700000|  0%| F|  |TAMS 0x000000008d600000, 0x000000008d600000| Untracked 
|  89|0x000000008d700000, 0x000000008d700000, 0x000000008d800000|  0%| F|  |TAMS 0x000000008d700000, 0x000000008d700000| Untracked 
|  90|0x000000008d800000, 0x000000008d800000, 0x000000008d900000|  0%| F|  |TAMS 0x000000008d800000, 0x000000008d800000| Untracked 
|  91|0x000000008d900000, 0x000000008d900000, 0x000000008da00000|  0%| F|  |TAMS 0x000000008d900000, 0x000000008d900000| Untracked 
|  92|0x000000008da00000, 0x000000008da00000, 0x000000008db00000|  0%| F|  |TAMS 0x000000008da00000, 0x000000008da00000| Untracked 
|  93|0x000000008db00000, 0x000000008dbcc328, 0x000000008dc00000| 79%| S|CS|TAMS 0x000000008db00000, 0x000000008db00000| Complete 
|  94|0x000000008dc00000, 0x000000008dd00000, 0x000000008dd00000|100%| S|CS|TAMS 0x000000008dc00000, 0x000000008dc00000| Complete 
|  95|0x000000008dd00000, 0x000000008de00000, 0x000000008de00000|100%| S|CS|TAMS 0x000000008dd00000, 0x000000008dd00000| Complete 
|  96|0x000000008de00000, 0x000000008df00000, 0x000000008df00000|100%| S|CS|TAMS 0x000000008de00000, 0x000000008de00000| Complete 
|  97|0x000000008df00000, 0x000000008e000000, 0x000000008e000000|100%| S|CS|TAMS 0x000000008df00000, 0x000000008df00000| Complete 
|  98|0x000000008e000000, 0x000000008e100000, 0x000000008e100000|100%| S|CS|TAMS 0x000000008e000000, 0x000000008e000000| Complete 
|  99|0x000000008e100000, 0x000000008e200000, 0x000000008e200000|100%| S|CS|TAMS 0x000000008e100000, 0x000000008e100000| Complete 
| 100|0x000000008e200000, 0x000000008e200000, 0x000000008e300000|  0%| F|  |TAMS 0x000000008e200000, 0x000000008e200000| Untracked 
| 101|0x000000008e300000, 0x000000008e300000, 0x000000008e400000|  0%| F|  |TAMS 0x000000008e300000, 0x000000008e300000| Untracked 
| 102|0x000000008e400000, 0x000000008e400000, 0x000000008e500000|  0%| F|  |TAMS 0x000000008e400000, 0x000000008e400000| Untracked 
| 103|0x000000008e500000, 0x000000008e500000, 0x000000008e600000|  0%| F|  |TAMS 0x000000008e500000, 0x000000008e500000| Untracked 
| 104|0x000000008e600000, 0x000000008e600000, 0x000000008e700000|  0%| F|  |TAMS 0x000000008e600000, 0x000000008e600000| Untracked 
| 105|0x000000008e700000, 0x000000008e700000, 0x000000008e800000|  0%| F|  |TAMS 0x000000008e700000, 0x000000008e700000| Untracked 
| 106|0x000000008e800000, 0x000000008e800000, 0x000000008e900000|  0%| F|  |TAMS 0x000000008e800000, 0x000000008e800000| Untracked 
| 107|0x000000008e900000, 0x000000008e900000, 0x000000008ea00000|  0%| F|  |TAMS 0x000000008e900000, 0x000000008e900000| Untracked 
| 108|0x000000008ea00000, 0x000000008ea00000, 0x000000008eb00000|  0%| F|  |TAMS 0x000000008ea00000, 0x000000008ea00000| Untracked 
| 109|0x000000008eb00000, 0x000000008eb00000, 0x000000008ec00000|  0%| F|  |TAMS 0x000000008eb00000, 0x000000008eb00000| Untracked 
| 110|0x000000008ec00000, 0x000000008ec00000, 0x000000008ed00000|  0%| F|  |TAMS 0x000000008ec00000, 0x000000008ec00000| Untracked 
| 111|0x000000008ed00000, 0x000000008ed00000, 0x000000008ee00000|  0%| F|  |TAMS 0x000000008ed00000, 0x000000008ed00000| Untracked 
| 112|0x000000008ee00000, 0x000000008ee00000, 0x000000008ef00000|  0%| F|  |TAMS 0x000000008ee00000, 0x000000008ee00000| Untracked 
| 113|0x000000008ef00000, 0x000000008ef00000, 0x000000008f000000|  0%| F|  |TAMS 0x000000008ef00000, 0x000000008ef00000| Untracked 
| 114|0x000000008f000000, 0x000000008f000000, 0x000000008f100000|  0%| F|  |TAMS 0x000000008f000000, 0x000000008f000000| Untracked 
| 115|0x000000008f100000, 0x000000008f100000, 0x000000008f200000|  0%| F|  |TAMS 0x000000008f100000, 0x000000008f100000| Untracked 
| 116|0x000000008f200000, 0x000000008f200000, 0x000000008f300000|  0%| F|  |TAMS 0x000000008f200000, 0x000000008f200000| Untracked 
| 117|0x000000008f300000, 0x000000008f300000, 0x000000008f400000|  0%| F|  |TAMS 0x000000008f300000, 0x000000008f300000| Untracked 
| 118|0x000000008f400000, 0x000000008f400000, 0x000000008f500000|  0%| F|  |TAMS 0x000000008f400000, 0x000000008f400000| Untracked 
| 119|0x000000008f500000, 0x000000008f500000, 0x000000008f600000|  0%| F|  |TAMS 0x000000008f500000, 0x000000008f500000| Untracked 
| 120|0x000000008f600000, 0x000000008f600000, 0x000000008f700000|  0%| F|  |TAMS 0x000000008f600000, 0x000000008f600000| Untracked 
| 121|0x000000008f700000, 0x000000008f700000, 0x000000008f800000|  0%| F|  |TAMS 0x000000008f700000, 0x000000008f700000| Untracked 
| 122|0x000000008f800000, 0x000000008f800000, 0x000000008f900000|  0%| F|  |TAMS 0x000000008f800000, 0x000000008f800000| Untracked 
| 123|0x000000008f900000, 0x000000008f900000, 0x000000008fa00000|  0%| F|  |TAMS 0x000000008f900000, 0x000000008f900000| Untracked 
| 124|0x000000008fa00000, 0x000000008fa00000, 0x000000008fb00000|  0%| F|  |TAMS 0x000000008fa00000, 0x000000008fa00000| Untracked 
| 125|0x000000008fb00000, 0x000000008fb00000, 0x000000008fc00000|  0%| F|  |TAMS 0x000000008fb00000, 0x000000008fb00000| Untracked 
| 126|0x000000008fc00000, 0x000000008fc00000, 0x000000008fd00000|  0%| F|  |TAMS 0x000000008fc00000, 0x000000008fc00000| Untracked 
| 127|0x000000008fd00000, 0x000000008fd00000, 0x000000008fe00000|  0%| F|  |TAMS 0x000000008fd00000, 0x000000008fd00000| Untracked 
| 128|0x000000008fe00000, 0x000000008fe00000, 0x000000008ff00000|  0%| F|  |TAMS 0x000000008fe00000, 0x000000008fe00000| Untracked 
| 129|0x000000008ff00000, 0x000000008ff00000, 0x0000000090000000|  0%| F|  |TAMS 0x000000008ff00000, 0x000000008ff00000| Untracked 
| 130|0x0000000090000000, 0x0000000090000000, 0x0000000090100000|  0%| F|  |TAMS 0x0000000090000000, 0x0000000090000000| Untracked 
| 131|0x0000000090100000, 0x0000000090100000, 0x0000000090200000|  0%| F|  |TAMS 0x0000000090100000, 0x0000000090100000| Untracked 
| 132|0x0000000090200000, 0x0000000090200000, 0x0000000090300000|  0%| F|  |TAMS 0x0000000090200000, 0x0000000090200000| Untracked 
| 133|0x0000000090300000, 0x0000000090300000, 0x0000000090400000|  0%| F|  |TAMS 0x0000000090300000, 0x0000000090300000| Untracked 
| 134|0x0000000090400000, 0x0000000090400000, 0x0000000090500000|  0%| F|  |TAMS 0x0000000090400000, 0x0000000090400000| Untracked 
| 135|0x0000000090500000, 0x0000000090500000, 0x0000000090600000|  0%| F|  |TAMS 0x0000000090500000, 0x0000000090500000| Untracked 
| 136|0x0000000090600000, 0x0000000090600000, 0x0000000090700000|  0%| F|  |TAMS 0x0000000090600000, 0x0000000090600000| Untracked 
| 137|0x0000000090700000, 0x0000000090700000, 0x0000000090800000|  0%| F|  |TAMS 0x0000000090700000, 0x0000000090700000| Untracked 
| 138|0x0000000090800000, 0x0000000090800000, 0x0000000090900000|  0%| F|  |TAMS 0x0000000090800000, 0x0000000090800000| Untracked 
| 139|0x0000000090900000, 0x0000000090900000, 0x0000000090a00000|  0%| F|  |TAMS 0x0000000090900000, 0x0000000090900000| Untracked 
| 140|0x0000000090a00000, 0x0000000090a00000, 0x0000000090b00000|  0%| F|  |TAMS 0x0000000090a00000, 0x0000000090a00000| Untracked 
| 141|0x0000000090b00000, 0x0000000090b00000, 0x0000000090c00000|  0%| F|  |TAMS 0x0000000090b00000, 0x0000000090b00000| Untracked 
| 142|0x0000000090c00000, 0x0000000090c00000, 0x0000000090d00000|  0%| F|  |TAMS 0x0000000090c00000, 0x0000000090c00000| Untracked 
| 143|0x0000000090d00000, 0x0000000090d00000, 0x0000000090e00000|  0%| F|  |TAMS 0x0000000090d00000, 0x0000000090d00000| Untracked 
| 144|0x0000000090e00000, 0x0000000090e00000, 0x0000000090f00000|  0%| F|  |TAMS 0x0000000090e00000, 0x0000000090e00000| Untracked 
| 145|0x0000000090f00000, 0x0000000090f00000, 0x0000000091000000|  0%| F|  |TAMS 0x0000000090f00000, 0x0000000090f00000| Untracked 
| 146|0x0000000091000000, 0x0000000091000000, 0x0000000091100000|  0%| F|  |TAMS 0x0000000091000000, 0x0000000091000000| Untracked 
| 147|0x0000000091100000, 0x0000000091100000, 0x0000000091200000|  0%| F|  |TAMS 0x0000000091100000, 0x0000000091100000| Untracked 
| 148|0x0000000091200000, 0x0000000091200000, 0x0000000091300000|  0%| F|  |TAMS 0x0000000091200000, 0x0000000091200000| Untracked 
| 149|0x0000000091300000, 0x0000000091300000, 0x0000000091400000|  0%| F|  |TAMS 0x0000000091300000, 0x0000000091300000| Untracked 
| 150|0x0000000091400000, 0x0000000091400000, 0x0000000091500000|  0%| F|  |TAMS 0x0000000091400000, 0x0000000091400000| Untracked 
| 151|0x0000000091500000, 0x0000000091500000, 0x0000000091600000|  0%| F|  |TAMS 0x0000000091500000, 0x0000000091500000| Untracked 
| 152|0x0000000091600000, 0x0000000091600000, 0x0000000091700000|  0%| F|  |TAMS 0x0000000091600000, 0x0000000091600000| Untracked 
| 153|0x0000000091700000, 0x0000000091700000, 0x0000000091800000|  0%| F|  |TAMS 0x0000000091700000, 0x0000000091700000| Untracked 
| 154|0x0000000091800000, 0x0000000091800000, 0x0000000091900000|  0%| F|  |TAMS 0x0000000091800000, 0x0000000091800000| Untracked 
| 155|0x0000000091900000, 0x0000000091900000, 0x0000000091a00000|  0%| F|  |TAMS 0x0000000091900000, 0x0000000091900000| Untracked 
| 156|0x0000000091a00000, 0x0000000091a00000, 0x0000000091b00000|  0%| F|  |TAMS 0x0000000091a00000, 0x0000000091a00000| Untracked 
| 157|0x0000000091b00000, 0x0000000091bb2318, 0x0000000091c00000| 69%| E|  |TAMS 0x0000000091b00000, 0x0000000091b00000| Complete 
| 158|0x0000000091c00000, 0x0000000091d00000, 0x0000000091d00000|100%| E|CS|TAMS 0x0000000091c00000, 0x0000000091c00000| Complete 
| 159|0x0000000091d00000, 0x0000000091e00000, 0x0000000091e00000|100%| E|CS|TAMS 0x0000000091d00000, 0x0000000091d00000| Complete 
| 160|0x0000000091e00000, 0x0000000091f00000, 0x0000000091f00000|100%| E|CS|TAMS 0x0000000091e00000, 0x0000000091e00000| Complete 
| 161|0x0000000091f00000, 0x0000000092000000, 0x0000000092000000|100%| E|CS|TAMS 0x0000000091f00000, 0x0000000091f00000| Complete 
| 162|0x0000000092000000, 0x0000000092100000, 0x0000000092100000|100%| E|CS|TAMS 0x0000000092000000, 0x0000000092000000| Complete 
| 163|0x0000000092100000, 0x0000000092200000, 0x0000000092200000|100%| E|  |TAMS 0x0000000092100000, 0x0000000092100000| Complete 
| 164|0x0000000092200000, 0x0000000092300000, 0x0000000092300000|100%| E|CS|TAMS 0x0000000092200000, 0x0000000092200000| Complete 
| 165|0x0000000092300000, 0x0000000092400000, 0x0000000092400000|100%| E|CS|TAMS 0x0000000092300000, 0x0000000092300000| Complete 
| 166|0x0000000092400000, 0x0000000092500000, 0x0000000092500000|100%| E|CS|TAMS 0x0000000092400000, 0x0000000092400000| Complete 
| 167|0x0000000092500000, 0x0000000092600000, 0x0000000092600000|100%| E|CS|TAMS 0x0000000092500000, 0x0000000092500000| Complete 
| 168|0x0000000092600000, 0x0000000092700000, 0x0000000092700000|100%| E|CS|TAMS 0x0000000092600000, 0x0000000092600000| Complete 
| 169|0x0000000092700000, 0x0000000092800000, 0x0000000092800000|100%| E|CS|TAMS 0x0000000092700000, 0x0000000092700000| Complete 
| 170|0x0000000092800000, 0x0000000092900000, 0x0000000092900000|100%| E|CS|TAMS 0x0000000092800000, 0x0000000092800000| Complete 
| 171|0x0000000092900000, 0x0000000092a00000, 0x0000000092a00000|100%| E|CS|TAMS 0x0000000092900000, 0x0000000092900000| Complete 
| 172|0x0000000092a00000, 0x0000000092b00000, 0x0000000092b00000|100%| E|CS|TAMS 0x0000000092a00000, 0x0000000092a00000| Complete 
| 173|0x0000000092b00000, 0x0000000092c00000, 0x0000000092c00000|100%| E|CS|TAMS 0x0000000092b00000, 0x0000000092b00000| Complete 
| 174|0x0000000092c00000, 0x0000000092d00000, 0x0000000092d00000|100%| E|CS|TAMS 0x0000000092c00000, 0x0000000092c00000| Complete 
|1920|0x00000000ffe00000, 0x00000000ffe47000, 0x00000000fff00000| 27%|OA|  |TAMS 0x00000000ffe47000, 0x00000000ffe00000| Untracked 
|1921|0x00000000fff00000, 0x00000000fff6a000, 0x0000000100000000| 41%|CA|  |TAMS 0x00000000fff6a000, 0x00000000fff00000| Untracked 

Card table byte_map: [0x00007ff808233000,0x00007ff8085f4000] _byte_map_base: 0x00007ff807df4000

Marking Bits (Prev, Next): (CMBitMap*) 0x00007ff804058e28, (CMBitMap*) 0x00007ff804058e60
 Prev Bits: [0x00007ff7e61f8000, 0x00007ff7e8000000)
 Next Bits: [0x00007ff7e43f0000, 0x00007ff7e61f8000)

Polling page: 0x00007ff80d333000

Metaspace:

Usage:
  Non-class:     69.05 MB capacity,    65.81 MB ( 95%) used,     2.80 MB (  4%) free+waste,   458.62 KB ( <1%) overhead. 
      Class:      9.82 MB capacity,     8.29 MB ( 84%) used,     1.34 MB ( 14%) free+waste,   192.94 KB (  2%) overhead. 
       Both:     78.87 MB capacity,    74.10 MB ( 94%) used,     4.14 MB (  5%) free+waste,   651.56 KB ( <1%) overhead. 

Virtual space:
  Non-class space:       70.00 MB reserved,      69.25 MB ( 99%) committed 
      Class space:        1.00 GB reserved,       9.82 MB ( <1%) committed 
             Both:        1.07 GB reserved,      79.07 MB (  7%) committed 

Chunk freelists:
   Non-Class:  0 bytes
       Class:  0 bytes
        Both:  0 bytes

MaxMetaspaceSize: unlimited
CompressedClassSpaceSize: 1.00 GB

CodeHeap 'non-profiled nmethods': size=120032Kb used=14723Kb max_used=14804Kb free=105309Kb
 bounds [0x00007ff7f43d8000, 0x00007ff7f5258000, 0x00007ff7fb910000]
CodeHeap 'profiled nmethods': size=120032Kb used=32183Kb max_used=32719Kb free=87849Kb
 bounds [0x00007ff7ecea0000, 0x00007ff7eef10000, 0x00007ff7f43d8000]
CodeHeap 'non-nmethods': size=5696Kb used=1359Kb max_used=1443Kb free=4336Kb
 bounds [0x00007ff7ec910000, 0x00007ff7ecb80000, 0x00007ff7ecea0000]
 total_blobs=24945 nmethods=13557 adapters=606
 compilation: enabled
              stopped_count=0, restarted_count=0
 full_count=0

