#
# A fatal error has been detected by the Java Runtime Environment:
#
#  SIGSEGV (0xb) at pc=0x00007f7d4af6b401, pid=5522, tid=5533
#
# JRE version: OpenJDK Runtime Environment (11.0.6+10) (build 11.0.6+10-post-Ubuntu-1ubuntu118.04.1)
# Java VM: OpenJDK 64-Bit Server VM (11.0.6+10-post-Ubuntu-1ubuntu118.04.1, mixed mode, sharing, tiered, compressed oops, g1 gc, linux-amd64)
# Problematic frame:
# C  [libjimage.so+0x2401]
#
# Core dump will be written. Default location: Core dumps may be processed with "/usr/share/apport/apport %p %s %c %d %P %E" (or dumping to /home/anu/Workspace/Zio/Zio/core.5522)
#
# If you would like to submit a bug report, please visit:
#   https://bugs.launchpad.net/ubuntu/+source/openjdk-lts
#

---------------  S U M M A R Y ------------

Command Line: -agentlib:jdwp=transport=dt_socket,suspend=y,address=localhost:37929 -javaagent:/home/anu/eclipse/jee-2020-03/eclipse/configuration/org.eclipse.osgi/405/0/.cp/lib/javaagent-shaded.jar -Dfile.encoding=UTF-8 com.zuci.zio.Application

Host: Intel(R) Core(TM) i5-4200U CPU @ 1.60GHz, 4 cores, 7G, Ubuntu 18.04.4 LTS
Time: Mon May  4 22:15:48 2020 IST elapsed time: 43010 seconds (0d 11h 56m 50s)

---------------  T H R E A D  ---------------

Current thread (0x00007f7d4c17e000):  JavaThread "Signal Dispatcher" daemon [_thread_in_vm, id=5533, stack(0x00007f7d1ac2f000,0x00007f7d1ad30000)]

Stack: [0x00007f7d1ac2f000,0x00007f7d1ad30000],  sp=0x00007f7d1ad2d140,  free space=1016k
Native frames: (J=compiled Java code, A=aot compiled Java code, j=interpreted, Vv=VM code, C=native code)
C  [libjimage.so+0x2401]
C  [libjimage.so+0x30ea]
C  [libjimage.so+0x35c6]  JIMAGE_FindResource+0xd6
V  [libjvm.so+0x59098e]
V  [libjvm.so+0x5936f0]
V  [libjvm.so+0xd49c05]
V  [libjvm.so+0xd4759a]
V  [libjvm.so+0xd4a192]
V  [libjvm.so+0x644c4d]
V  [libjvm.so+0x839b0c]
j  jdk.internal.misc.Signal.dispatch(I)V+25 java.base@11.0.6
v  ~StubRoutines::call_stub
V  [libjvm.so+0x8493b9]
V  [libjvm.so+0x8481a5]
V  [libjvm.so+0xbbdaac]
V  [libjvm.so+0xd83203]
V  [libjvm.so+0xd834d5]
V  [libjvm.so+0xd7f20a]
V  [libjvm.so+0xbcf1fe]

Java frames: (J=compiled Java code, j=interpreted, Vv=VM code)
j  jdk.internal.misc.Signal.dispatch(I)V+25 java.base@11.0.6
v  ~StubRoutines::call_stub

siginfo: si_signo: 11 (SIGSEGV), si_code: 1 (SEGV_MAPERR), si_addr: 0x00007f7d42884df8

Register to memory mapping:

RAX=0x0000000000002f77 is an unknown value
RBX=0x00007f7d1ad2d1f1 is pointing into the stack for thread: 0x00007f7d4c17e000
RCX=0x00007f7d4287901c is an unknown value
RDX=0x0000000000002f77 is an unknown value
RSP=0x00007f7d1ad2d140 is pointing into the stack for thread: 0x00007f7d4c17e000
RBP=0x00007f7d1ad2d160 is pointing into the stack for thread: 0x00007f7d4c17e000
RSI=0x00007f7d1ad2d1f0 is pointing into the stack for thread: 0x00007f7d4c17e000
RDI=0x00007f7d4b16e130: <offset 0x0000000000205130> in /usr/lib/jvm/java-11-openjdk-amd64/lib/libjimage.so at 0x00007f7d4af69000
R8 =0x0 is NULL
R9 =0x0000000076100fa4 is an unknown value
R10=0x00007f7d1ad2d213 is pointing into the stack for thread: 0x00007f7d4c17e000
R11=0x00007f7d51fe18dd: <offset 0x0000000000eac8dd> in /usr/lib/jvm/java-11-openjdk-amd64/lib/server/libjvm.so at 0x00007f7d51135000
R12=0x00007f7d1ad2d1f0 is pointing into the stack for thread: 0x00007f7d4c17e000
R13=0x00000000000083a0 is an unknown value
R14=0x00007f7d1ad2e288 is pointing into the stack for thread: 0x00007f7d4c17e000
R15=0x00007f7d4c17e880 points into unknown readable memory: 6a 64 6b 2f 69 6e 74 65


Registers:
RAX=0x0000000000002f77, RBX=0x00007f7d1ad2d1f1, RCX=0x00007f7d4287901c, RDX=0x0000000000002f77
RSP=0x00007f7d1ad2d140, RBP=0x00007f7d1ad2d160, RSI=0x00007f7d1ad2d1f0, RDI=0x00007f7d4b16e130
R8 =0x0000000000000000, R9 =0x0000000076100fa4, R10=0x00007f7d1ad2d213, R11=0x00007f7d51fe18dd
R12=0x00007f7d1ad2d1f0, R13=0x00000000000083a0, R14=0x00007f7d1ad2e288, R15=0x00007f7d4c17e880
RIP=0x00007f7d4af6b401, EFLAGS=0x0000000000010246, CSGSFS=0x002b000000000033, ERR=0x0000000000000004
  TRAPNO=0x000000000000000e

Top of Stack: (sp=0x00007f7d1ad2d140)
0x00007f7d1ad2d140:   0000000000000000 00007f7d4c025f70
0x00007f7d1ad2d150:   0000000000000000 00007f7d1ad2d1f0
0x00007f7d1ad2d160:   00007f7d1ad2d1d0 00007f7d4af6c0ea
0x00007f7d1ad2d170:   0000000000000000 0000000000000000 

Instructions: (pc=0x00007f7d4af6b401)
0x00007f7d4af6b301:   c5 4c 01 e3 48 89 ce e8 d3 f3 ff ff e9 69 fd ff
0x00007f7d4af6b311:   ff 89 d1 0f b7 74 08 fe 66 41 89 74 0e fe e9 7a
0x00007f7d4af6b321:   fe ff ff 0f 1f 40 00 8b 08 49 8d 1c 16 41 89 0e
0x00007f7d4af6b331:   89 d1 8b 74 08 fc 41 89 74 0e fc 48 8d 34 10 48
0x00007f7d4af6b341:   89 75 b8 e9 0b fe ff ff 0f 1f 80 00 00 00 00 0f
0x00007f7d4af6b351:   b6 17 55 89 f0 48 89 e5 84 d2 74 22 48 8d 4f 01
0x00007f7d4af6b361:   0f 1f 80 00 00 00 00 48 83 c1 01 0f b6 f2 0f b6
0x00007f7d4af6b371:   51 ff 69 c0 93 01 00 01 31 f0 84 d2 75 e9 25 ff
0x00007f7d4af6b381:   ff ff 7f 5d c3 66 2e 0f 1f 84 00 00 00 00 00 48
0x00007f7d4af6b391:   85 d2 0f 84 dd 00 00 00 85 c9 0f 84 d5 00 00 00
0x00007f7d4af6b3a1:   55 48 89 e5 41 55 41 54 53 48 8d 5e 01 48 83 ec
0x00007f7d4af6b3b1:   08 44 0f b6 06 45 84 c0 0f 84 a9 00 00 00 49 89
0x00007f7d4af6b3c1:   da b8 93 01 00 01 66 0f 1f 84 00 00 00 00 00 49
0x00007f7d4af6b3d1:   83 c2 01 44 69 c8 93 01 00 01 41 0f b6 c0 45 0f
0x00007f7d4af6b3e1:   b6 42 ff 44 31 c8 45 84 c0 75 e4 25 ff ff ff 7f
0x00007f7d4af6b3f1:   41 89 cd 48 89 d1 31 d2 41 f7 f5 49 89 f4 89 d0
0x00007f7d4af6b401:   8b 34 81 48 8b 07 ff 50 20 83 f8 00 7e 41 41 0f
0x00007f7d4af6b411:   b6 14 24 84 d2 74 1c 0f 1f 84 00 00 00 00 00 69
0x00007f7d4af6b421:   c0 93 01 00 01 48 83 c3 01 31 d0 0f b6 53 ff 84
0x00007f7d4af6b431:   d2 75 ec 25 ff ff ff 7f 31 d2 41 f7 f5 48 83 c4
0x00007f7d4af6b441:   08 89 d0 5b 41 5c 41 5d 5d c3 0f 1f 44 00 00 74
0x00007f7d4af6b451:   1d f7 d0 48 83 c4 08 89 c2 5b 89 d0 41 5c 41 5d
0x00007f7d4af6b461:   5d c3 0f 1f 44 00 00 b8 93 01 00 01 eb 82 ba ff
0x00007f7d4af6b471:   ff ff ff eb c8 83 ca ff 89 d0 c3 0f 1f 40 00 0f
0x00007f7d4af6b481:   b6 17 55 48 89 f8 48 89 e5 84 d2 75 15 eb 1a 38
0x00007f7d4af6b491:   ca 75 1c 48 83 c0 01 0f b6 10 48 83 c6 01 84 d2
0x00007f7d4af6b4a1:   74 07 0f b6 0e 84 c9 75 e6 5d c3 0f 1f 40 00 31
0x00007f7d4af6b4b1:   c0 5d c3 66 90 66 2e 0f 1f 84 00 00 00 00 00 55
0x00007f7d4af6b4c1:   48 85 f6 48 89 e5 74 57 0f 1f 80 00 00 00 00 0f
0x00007f7d4af6b4d1:   b6 06 84 c0 74 49 0f b6 d0 83 e0 07 c1 fa 03 44
0x00007f7d4af6b4e1:   8d 50 01 0f b6 c0 41 89 d1 48 8d 56 01 4c 8d 44
0x00007f7d4af6b4f1:   06 02 31 c0 0f 1f 00 0f b6 0a 48 c1 e0 08 48 83 


Stack slot to memory mapping:
stack at sp + 0 slots: 0x0 is NULL
stack at sp + 1 slots: 0x00007f7d4c025f70 points into unknown readable memory: 60 40 00 f4 7c 7f 00 00
stack at sp + 2 slots: 0x0 is NULL
stack at sp + 3 slots: 0x00007f7d1ad2d1f0 is pointing into the stack for thread: 0x00007f7d4c17e000
stack at sp + 4 slots: 0x00007f7d1ad2d1d0 is pointing into the stack for thread: 0x00007f7d4c17e000
stack at sp + 5 slots: 0x00007f7d4af6c0ea: <offset 0x00000000000030ea> in /usr/lib/jvm/java-11-openjdk-amd64/lib/libjimage.so at 0x00007f7d4af69000
stack at sp + 6 slots: 0x0 is NULL
stack at sp + 7 slots: 0x0 is NULL


---------------  P R O C E S S  ---------------

Threads class SMR info:
_java_thread_list=0x00007f7cec01a850, length=38, elements={
0x00007f7d4c176800, 0x00007f7d4c178800, 0x00007f7d4c17e000, 0x00007f7d4c180000,
0x00007f7d4c182000, 0x00007f7d4c184000, 0x00007f7d4c192800, 0x00007f7d4c1dd800,
0x00007f7d4c1e1000, 0x00007f7d4c64f000, 0x00007f7cd498a000, 0x00007f7cd4357800,
0x00007f7cd435b800, 0x00007f7cd42d3800, 0x00007f7cd49ac800, 0x00007f7cd5829800,
0x00007f7cd437b000, 0x00007f7cd4b3f000, 0x00007f7cd46c1000, 0x00007f7cd4a5a000,
0x00007f7cd5c61000, 0x00007f7cd5c63800, 0x00007f7cd5c65800, 0x00007f7cd5c68000,
0x00007f7cd5c6a000, 0x00007f7cd5c6c000, 0x00007f7cd5c6e000, 0x00007f7cd5c6f800,
0x00007f7cd5c72000, 0x00007f7cd5c74000, 0x00007f7cd5c76000, 0x00007f7cd5c7c000,
0x00007f7cd5c7f800, 0x00007f7d4c018800, 0x00007f7cdc3a1800, 0x00007f7ce0279800,
0x00007f7cb4a12000, 0x00007f7cac322000
}

Java Threads: ( => current thread )
  0x00007f7d4c176800 JavaThread "Reference Handler" daemon [_thread_blocked, id=5531, stack(0x00007f7d280f7000,0x00007f7d281f8000)]
  0x00007f7d4c178800 JavaThread "Finalizer" daemon [_thread_blocked, id=5532, stack(0x00007f7d1b6ff000,0x00007f7d1b800000)]
=>0x00007f7d4c17e000 JavaThread "Signal Dispatcher" daemon [_thread_in_vm, id=5533, stack(0x00007f7d1ac2f000,0x00007f7d1ad30000)]
  0x00007f7d4c180000 JavaThread "C2 CompilerThread0" daemon [_thread_blocked, id=5534, stack(0x00007f7d1ab2e000,0x00007f7d1ac2f000)]
  0x00007f7d4c182000 JavaThread "C1 CompilerThread0" daemon [_thread_blocked, id=5535, stack(0x00007f7d1aa2d000,0x00007f7d1ab2e000)]
  0x00007f7d4c184000 JavaThread "Sweeper thread" daemon [_thread_blocked, id=5536, stack(0x00007f7d1a92c000,0x00007f7d1aa2d000)]
  0x00007f7d4c192800 JavaThread "Common-Cleaner" daemon [_thread_blocked, id=5540, stack(0x00007f7d1a82b000,0x00007f7d1a92c000)]
  0x00007f7d4c1dd800 JavaThread "JDWP Transport Listener: dt_socket" daemon [_thread_in_native, id=5544, stack(0x00007f7d1a524000,0x00007f7d1a625000)]
  0x00007f7d4c1e1000 JavaThread "JDWP Event Helper Thread" daemon [_thread_blocked, id=5545, stack(0x00007f7d1a423000,0x00007f7d1a524000)]
  0x00007f7d4c64f000 JavaThread "Service Thread" daemon [_thread_blocked, id=5550, stack(0x00007f7d19df9000,0x00007f7d19efa000)]
  0x00007f7cd498a000 JavaThread "Thread-4" daemon [_thread_in_native, id=5564, stack(0x00007f7d19af4000,0x00007f7d19bf5000)]
  0x00007f7cd4357800 JavaThread "process reaper" daemon [_thread_in_native, id=5570, stack(0x00007f7d50004000,0x00007f7d50026000)]
  0x00007f7cd435b800 JavaThread "webpack" daemon [_thread_in_native, id=5590, stack(0x00007f7d19433000,0x00007f7d19534000)]
  0x00007f7cd42d3800 JavaThread "Catalina-utility-1" [_thread_blocked, id=5651, stack(0x00007f7d1808c000,0x00007f7d1818d000)]
  0x00007f7cd49ac800 JavaThread "Catalina-utility-2" [_thread_blocked, id=5652, stack(0x00007f7cc74fc000,0x00007f7cc75fd000)]
  0x00007f7cd5829800 JavaThread "container-0" [_thread_blocked, id=5653, stack(0x00007f7cc73fb000,0x00007f7cc74fc000)]
  0x00007f7cd437b000 JavaThread "mysql-cj-abandoned-connection-cleanup" daemon [_thread_blocked, id=5654, stack(0x00007f7cc70fa000,0x00007f7cc71fb000)]
  0x00007f7cd4b3f000 JavaThread "File Watcher" daemon [_thread_blocked, id=5655, stack(0x00007f7cc6ff9000,0x00007f7cc70fa000)]
  0x00007f7cd46c1000 JavaThread "Live Reload Server" daemon [_thread_in_native, id=5657, stack(0x00007f7cc6df7000,0x00007f7cc6ef8000)]
  0x00007f7cd4a5a000 JavaThread "Atmosphere-Shared-0" daemon [_thread_blocked, id=5660, stack(0x00007f7cc69f5000,0x00007f7cc6af6000)]
  0x00007f7cd5c61000 JavaThread "http-nio-8080-BlockPoller" daemon [_thread_in_native, id=5661, stack(0x00007f7cc68f4000,0x00007f7cc69f5000)]
  0x00007f7cd5c63800 JavaThread "http-nio-8080-exec-1" daemon [_thread_blocked, id=5662, stack(0x00007f7cc67f3000,0x00007f7cc68f4000)]
  0x00007f7cd5c65800 JavaThread "http-nio-8080-exec-2" daemon [_thread_blocked, id=5663, stack(0x00007f7cc66f2000,0x00007f7cc67f3000)]
  0x00007f7cd5c68000 JavaThread "http-nio-8080-exec-3" daemon [_thread_blocked, id=5664, stack(0x00007f7cc65f1000,0x00007f7cc66f2000)]
  0x00007f7cd5c6a000 JavaThread "http-nio-8080-exec-4" daemon [_thread_blocked, id=5665, stack(0x00007f7cc64f0000,0x00007f7cc65f1000)]
  0x00007f7cd5c6c000 JavaThread "http-nio-8080-exec-5" daemon [_thread_blocked, id=5666, stack(0x00007f7cc63ef000,0x00007f7cc64f0000)]
  0x00007f7cd5c6e000 JavaThread "http-nio-8080-exec-6" daemon [_thread_blocked, id=5667, stack(0x00007f7cc62ee000,0x00007f7cc63ef000)]
  0x00007f7cd5c6f800 JavaThread "http-nio-8080-exec-7" daemon [_thread_blocked, id=5668, stack(0x00007f7cc61ed000,0x00007f7cc62ee000)]
  0x00007f7cd5c72000 JavaThread "http-nio-8080-exec-8" daemon [_thread_blocked, id=5669, stack(0x00007f7cc60ec000,0x00007f7cc61ed000)]
  0x00007f7cd5c74000 JavaThread "http-nio-8080-exec-9" daemon [_thread_blocked, id=5670, stack(0x00007f7cc5feb000,0x00007f7cc60ec000)]
  0x00007f7cd5c76000 JavaThread "http-nio-8080-exec-10" daemon [_thread_blocked, id=5671, stack(0x00007f7cc5eea000,0x00007f7cc5feb000)]
  0x00007f7cd5c7c000 JavaThread "http-nio-8080-ClientPoller" daemon [_thread_in_native, id=5672, stack(0x00007f7cc5de9000,0x00007f7cc5eea000)]
  0x00007f7cd5c7f800 JavaThread "http-nio-8080-Acceptor" daemon [_thread_in_native, id=5673, stack(0x00007f7cc5ce8000,0x00007f7cc5de9000)]
  0x00007f7d4c018800 JavaThread "DestroyJavaVM" [_thread_blocked, id=5524, stack(0x00007f7d532a6000,0x00007f7d533a7000)]
  0x00007f7cdc3a1800 JavaThread "Java2D Disposer" daemon [_thread_blocked, id=5752, stack(0x00007f7cc6af6000,0x00007f7cc6bf7000)]
  0x00007f7ce0279800 JavaThread "HikariPool-1 housekeeper" daemon [_thread_blocked, id=5842, stack(0x00007f7cc46df000,0x00007f7cc47e0000)]
  0x00007f7cb4a12000 JavaThread "Atmosphere-Scheduler-1340" daemon [_thread_blocked, id=26515, stack(0x00007f7cc40dd000,0x00007f7cc41de000)]
  0x00007f7cac322000 JavaThread "Atmosphere-Scheduler-1432" daemon [_thread_blocked, id=27404, stack(0x00007f7cc6ef8000,0x00007f7cc6ff9000)]

Other Threads:
  0x00007f7d4c173800 VMThread "VM Thread" [stack: 0x00007f7d30031000,0x00007f7d30131000] [id=5530]
  0x00007f7d4c651800 WatcherThread [stack: 0x00007f7d19cf9000,0x00007f7d19df9000] [id=5551]
  0x00007f7d4c031800 GCTaskThread "GC Thread#0" [stack: 0x00007f7d3368e000,0x00007f7d3378e000] [id=5525]
  0x00007f7d10001000 GCTaskThread "GC Thread#1" [stack: 0x00007f7d19bf7000,0x00007f7d19cf7000] [id=5552]
  0x00007f7d10023800 GCTaskThread "GC Thread#2" [stack: 0x00007f7d199f4000,0x00007f7d19af4000] [id=5558]
  0x00007f7d10025000 GCTaskThread "GC Thread#3" [stack: 0x00007f7d198f2000,0x00007f7d199f2000] [id=5559]
  0x00007f7d4c061800 ConcurrentGCThread "G1 Main Marker" [stack: 0x00007f7d3083d000,0x00007f7d3093d000] [id=5526]
  0x00007f7d4c063000 ConcurrentGCThread "G1 Conc#0" [stack: 0x00007f7d3073b000,0x00007f7d3083b000] [id=5527]
  0x00007f7d4c0d9800 ConcurrentGCThread "G1 Refine#0" [stack: 0x00007f7d30235000,0x00007f7d30335000] [id=5528]
  0x00007f7d4c0db800 ConcurrentGCThread "G1 Young RemSet Sampling" [stack: 0x00007f7d30133000,0x00007f7d30233000] [id=5529]

Threads with active compile tasks:

VM state:not at safepoint (normal execution)

VM Mutex/Monitor currently owned by a thread: None

Heap address: 0x0000000087e00000, size: 1922 MB, Compressed Oops mode: 32-bit
Narrow klass base: 0x0000000800000000, Narrow klass shift: 3
Compressed class space size: 1073741824 Address: 0x0000000840000000

Heap:
 garbage-first heap   total 183296K, used 116044K [0x0000000087e00000, 0x0000000100000000)
  region size 1024K, 76 young (77824K), 10 survivors (10240K)
 Metaspace       used 59207K, capacity 61332K, committed 61568K, reserved 1103872K
  class space    used 6935K, capacity 7773K, committed 7808K, reserved 1048576K
Heap Regions: E=young(eden), S=young(survivor), O=old, HS=humongous(starts), HC=humongous(continues), CS=collection set, F=free, A=archive, TAMS=top-at-mark-start (previous, next)
|   0|0x0000000087e00000, 0x0000000087f00000, 0x0000000087f00000|100%| O|  |TAMS 0x0000000087f00000, 0x0000000087e00000| Untracked 
|   1|0x0000000087f00000, 0x0000000088000000, 0x0000000088000000|100%| O|  |TAMS 0x0000000088000000, 0x0000000087f00000| Untracked 
|   2|0x0000000088000000, 0x0000000088100000, 0x0000000088100000|100%| O|  |TAMS 0x0000000088100000, 0x0000000088000000| Untracked 
|   3|0x0000000088100000, 0x0000000088200000, 0x0000000088200000|100%| O|  |TAMS 0x0000000088200000, 0x0000000088100000| Untracked 
|   4|0x0000000088200000, 0x0000000088300000, 0x0000000088300000|100%| O|  |TAMS 0x0000000088300000, 0x0000000088200000| Untracked 
|   5|0x0000000088300000, 0x0000000088400000, 0x0000000088400000|100%| O|  |TAMS 0x0000000088400000, 0x0000000088300000| Untracked 
|   6|0x0000000088400000, 0x0000000088500000, 0x0000000088500000|100%| O|  |TAMS 0x0000000088500000, 0x0000000088400000| Untracked 
|   7|0x0000000088500000, 0x0000000088600000, 0x0000000088600000|100%| O|  |TAMS 0x0000000088600000, 0x0000000088500000| Untracked 
|   8|0x0000000088600000, 0x0000000088700000, 0x0000000088700000|100%| O|  |TAMS 0x0000000088700000, 0x0000000088600000| Untracked 
|   9|0x0000000088700000, 0x0000000088800000, 0x0000000088800000|100%| O|  |TAMS 0x0000000088800000, 0x0000000088700000| Untracked 
|  10|0x0000000088800000, 0x0000000088900000, 0x0000000088900000|100%| O|  |TAMS 0x0000000088900000, 0x0000000088800000| Untracked 
|  11|0x0000000088900000, 0x0000000088a00000, 0x0000000088a00000|100%| O|  |TAMS 0x0000000088a00000, 0x0000000088900000| Untracked 
|  12|0x0000000088a00000, 0x0000000088b00000, 0x0000000088b00000|100%| O|  |TAMS 0x0000000088b00000, 0x0000000088a00000| Untracked 
|  13|0x0000000088b00000, 0x0000000088c00000, 0x0000000088c00000|100%| O|  |TAMS 0x0000000088c00000, 0x0000000088b00000| Untracked 
|  14|0x0000000088c00000, 0x0000000088d00000, 0x0000000088d00000|100%| O|  |TAMS 0x0000000088d00000, 0x0000000088c00000| Untracked 
|  15|0x0000000088d00000, 0x0000000088e00000, 0x0000000088e00000|100%| O|  |TAMS 0x0000000088e00000, 0x0000000088d00000| Untracked 
|  16|0x0000000088e00000, 0x0000000088f00000, 0x0000000088f00000|100%| O|  |TAMS 0x0000000088f00000, 0x0000000088e00000| Untracked 
|  17|0x0000000088f00000, 0x0000000089000000, 0x0000000089000000|100%| O|  |TAMS 0x0000000089000000, 0x0000000088f00000| Untracked 
|  18|0x0000000089000000, 0x0000000089100000, 0x0000000089100000|100%| O|  |TAMS 0x0000000089100000, 0x0000000089000000| Untracked 
|  19|0x0000000089100000, 0x0000000089200000, 0x0000000089200000|100%| O|  |TAMS 0x0000000089200000, 0x0000000089100000| Untracked 
|  20|0x0000000089200000, 0x0000000089300000, 0x0000000089300000|100%| O|  |TAMS 0x0000000089300000, 0x0000000089200000| Untracked 
|  21|0x0000000089300000, 0x0000000089400000, 0x0000000089400000|100%| O|  |TAMS 0x0000000089400000, 0x0000000089300000| Untracked 
|  22|0x0000000089400000, 0x0000000089500000, 0x0000000089500000|100%| O|  |TAMS 0x0000000089500000, 0x0000000089400000| Untracked 
|  23|0x0000000089500000, 0x0000000089600000, 0x0000000089600000|100%| O|  |TAMS 0x0000000089600000, 0x0000000089500000| Untracked 
|  24|0x0000000089600000, 0x0000000089700000, 0x0000000089700000|100%| O|  |TAMS 0x0000000089700000, 0x0000000089600000| Untracked 
|  25|0x0000000089700000, 0x0000000089800000, 0x0000000089800000|100%| O|  |TAMS 0x0000000089800000, 0x0000000089700000| Untracked 
|  26|0x0000000089800000, 0x0000000089900000, 0x0000000089900000|100%| O|  |TAMS 0x0000000089900000, 0x0000000089800000| Untracked 
|  27|0x0000000089900000, 0x0000000089a00000, 0x0000000089a00000|100%| O|  |TAMS 0x0000000089995e00, 0x0000000089900000| Untracked 
|  28|0x0000000089a00000, 0x0000000089b00000, 0x0000000089b00000|100%| O|  |TAMS 0x0000000089a00000, 0x0000000089a00000| Untracked 
|  29|0x0000000089b00000, 0x0000000089c00000, 0x0000000089c00000|100%| O|  |TAMS 0x0000000089b00000, 0x0000000089b00000| Untracked 
|  30|0x0000000089c00000, 0x0000000089d00000, 0x0000000089d00000|100%| O|  |TAMS 0x0000000089c00000, 0x0000000089c00000| Untracked 
|  31|0x0000000089d00000, 0x0000000089e00000, 0x0000000089e00000|100%| O|  |TAMS 0x0000000089d00000, 0x0000000089d00000| Untracked 
|  32|0x0000000089e00000, 0x0000000089f00000, 0x0000000089f00000|100%| O|  |TAMS 0x0000000089e00000, 0x0000000089e00000| Untracked 
|  33|0x0000000089f00000, 0x000000008a000000, 0x000000008a000000|100%| O|  |TAMS 0x0000000089f00000, 0x0000000089f00000| Untracked 
|  34|0x000000008a000000, 0x000000008a100000, 0x000000008a100000|100%| O|  |TAMS 0x000000008a000000, 0x000000008a000000| Untracked 
|  35|0x000000008a100000, 0x000000008a200000, 0x000000008a200000|100%| O|  |TAMS 0x000000008a100000, 0x000000008a100000| Untracked 
|  36|0x000000008a200000, 0x000000008a300000, 0x000000008a300000|100%| O|  |TAMS 0x000000008a200000, 0x000000008a200000| Untracked 
|  37|0x000000008a300000, 0x000000008a400000, 0x000000008a400000|100%| O|  |TAMS 0x000000008a300000, 0x000000008a300000| Untracked 
|  38|0x000000008a400000, 0x000000008a500000, 0x000000008a500000|100%| O|  |TAMS 0x000000008a400000, 0x000000008a400000| Untracked 
|  39|0x000000008a500000, 0x000000008a560a00, 0x000000008a600000| 37%| O|  |TAMS 0x000000008a500000, 0x000000008a500000| Untracked 
|  40|0x000000008a600000, 0x000000008a600000, 0x000000008a700000|  0%| F|  |TAMS 0x000000008a600000, 0x000000008a600000| Untracked 
|  41|0x000000008a700000, 0x000000008a700000, 0x000000008a800000|  0%| F|  |TAMS 0x000000008a700000, 0x000000008a700000| Untracked 
|  42|0x000000008a800000, 0x000000008a800000, 0x000000008a900000|  0%| F|  |TAMS 0x000000008a800000, 0x000000008a800000| Untracked 
|  43|0x000000008a900000, 0x000000008a900000, 0x000000008aa00000|  0%| F|  |TAMS 0x000000008a900000, 0x000000008a900000| Untracked 
|  44|0x000000008aa00000, 0x000000008aa00000, 0x000000008ab00000|  0%| F|  |TAMS 0x000000008aa00000, 0x000000008aa00000| Untracked 
|  45|0x000000008ab00000, 0x000000008ab00000, 0x000000008ac00000|  0%| F|  |TAMS 0x000000008ab00000, 0x000000008ab00000| Untracked 
|  46|0x000000008ac00000, 0x000000008ac00000, 0x000000008ad00000|  0%| F|  |TAMS 0x000000008ac00000, 0x000000008ac00000| Untracked 
|  47|0x000000008ad00000, 0x000000008ad00000, 0x000000008ae00000|  0%| F|  |TAMS 0x000000008ad00000, 0x000000008ad00000| Untracked 
|  48|0x000000008ae00000, 0x000000008ae00000, 0x000000008af00000|  0%| F|  |TAMS 0x000000008ae00000, 0x000000008ae00000| Untracked 
|  49|0x000000008af00000, 0x000000008af00000, 0x000000008b000000|  0%| F|  |TAMS 0x000000008af00000, 0x000000008af00000| Untracked 
|  50|0x000000008b000000, 0x000000008b000000, 0x000000008b100000|  0%| F|  |TAMS 0x000000008b000000, 0x000000008b000000| Untracked 
|  51|0x000000008b100000, 0x000000008b100000, 0x000000008b200000|  0%| F|  |TAMS 0x000000008b100000, 0x000000008b100000| Untracked 
|  52|0x000000008b200000, 0x000000008b200000, 0x000000008b300000|  0%| F|  |TAMS 0x000000008b200000, 0x000000008b200000| Untracked 
|  53|0x000000008b300000, 0x000000008b300000, 0x000000008b400000|  0%| F|  |TAMS 0x000000008b300000, 0x000000008b300000| Untracked 
|  54|0x000000008b400000, 0x000000008b400000, 0x000000008b500000|  0%| F|  |TAMS 0x000000008b400000, 0x000000008b400000| Untracked 
|  55|0x000000008b500000, 0x000000008b500000, 0x000000008b600000|  0%| F|  |TAMS 0x000000008b500000, 0x000000008b500000| Untracked 
|  56|0x000000008b600000, 0x000000008b600000, 0x000000008b700000|  0%| F|  |TAMS 0x000000008b600000, 0x000000008b600000| Untracked 
|  57|0x000000008b700000, 0x000000008b700000, 0x000000008b800000|  0%| F|  |TAMS 0x000000008b700000, 0x000000008b700000| Untracked 
|  58|0x000000008b800000, 0x000000008b800000, 0x000000008b900000|  0%| F|  |TAMS 0x000000008b800000, 0x000000008b800000| Untracked 
|  59|0x000000008b900000, 0x000000008b900000, 0x000000008ba00000|  0%| F|  |TAMS 0x000000008b900000, 0x000000008b900000| Untracked 
|  60|0x000000008ba00000, 0x000000008ba00000, 0x000000008bb00000|  0%| F|  |TAMS 0x000000008ba00000, 0x000000008ba00000| Untracked 
|  61|0x000000008bb00000, 0x000000008bb00000, 0x000000008bc00000|  0%| F|  |TAMS 0x000000008bb00000, 0x000000008bb00000| Untracked 
|  62|0x000000008bc00000, 0x000000008bc00000, 0x000000008bd00000|  0%| F|  |TAMS 0x000000008bc00000, 0x000000008bc00000| Untracked 
|  63|0x000000008bd00000, 0x000000008bd41930, 0x000000008be00000| 25%| S|CS|TAMS 0x000000008bd00000, 0x000000008bd00000| Complete 
|  64|0x000000008be00000, 0x000000008bf00000, 0x000000008bf00000|100%| S|CS|TAMS 0x000000008be00000, 0x000000008be00000| Complete 
|  65|0x000000008bf00000, 0x000000008c000000, 0x000000008c000000|100%| S|CS|TAMS 0x000000008bf00000, 0x000000008bf00000| Complete 
|  66|0x000000008c000000, 0x000000008c100000, 0x000000008c100000|100%| S|CS|TAMS 0x000000008c000000, 0x000000008c000000| Complete 
|  67|0x000000008c100000, 0x000000008c200000, 0x000000008c200000|100%| S|CS|TAMS 0x000000008c100000, 0x000000008c100000| Complete 
|  68|0x000000008c200000, 0x000000008c300000, 0x000000008c300000|100%| S|CS|TAMS 0x000000008c200000, 0x000000008c200000| Complete 
|  69|0x000000008c300000, 0x000000008c400000, 0x000000008c400000|100%| S|CS|TAMS 0x000000008c300000, 0x000000008c300000| Complete 
|  70|0x000000008c400000, 0x000000008c400000, 0x000000008c500000|  0%| F|  |TAMS 0x000000008c400000, 0x000000008c400000| Untracked 
|  71|0x000000008c500000, 0x000000008c500000, 0x000000008c600000|  0%| F|  |TAMS 0x000000008c500000, 0x000000008c500000| Untracked 
|  72|0x000000008c600000, 0x000000008c600000, 0x000000008c700000|  0%| F|  |TAMS 0x000000008c600000, 0x000000008c600000| Untracked 
|  73|0x000000008c700000, 0x000000008c700000, 0x000000008c800000|  0%| F|  |TAMS 0x000000008c700000, 0x000000008c700000| Untracked 
|  74|0x000000008c800000, 0x000000008c800000, 0x000000008c900000|  0%| F|  |TAMS 0x000000008c800000, 0x000000008c800000| Untracked 
|  75|0x000000008c900000, 0x000000008c900000, 0x000000008ca00000|  0%| F|  |TAMS 0x000000008c900000, 0x000000008c900000| Untracked 
|  76|0x000000008ca00000, 0x000000008ca00000, 0x000000008cb00000|  0%| F|  |TAMS 0x000000008ca00000, 0x000000008ca00000| Untracked 
|  77|0x000000008cb00000, 0x000000008cb00000, 0x000000008cc00000|  0%| F|  |TAMS 0x000000008cb00000, 0x000000008cb00000| Untracked 
|  78|0x000000008cc00000, 0x000000008cd00000, 0x000000008cd00000|100%| S|CS|TAMS 0x000000008cc00000, 0x000000008cc00000| Complete 
|  79|0x000000008cd00000, 0x000000008ce00000, 0x000000008ce00000|100%| S|CS|TAMS 0x000000008cd00000, 0x000000008cd00000| Complete 
|  80|0x000000008ce00000, 0x000000008cf00000, 0x000000008cf00000|100%| S|CS|TAMS 0x000000008ce00000, 0x000000008ce00000| Complete 
|  81|0x000000008cf00000, 0x000000008cf00000, 0x000000008d000000|  0%| F|  |TAMS 0x000000008cf00000, 0x000000008cf00000| Untracked 
|  82|0x000000008d000000, 0x000000008d000000, 0x000000008d100000|  0%| F|  |TAMS 0x000000008d000000, 0x000000008d000000| Untracked 
|  83|0x000000008d100000, 0x000000008d100000, 0x000000008d200000|  0%| F|  |TAMS 0x000000008d100000, 0x000000008d100000| Untracked 
|  84|0x000000008d200000, 0x000000008d200000, 0x000000008d300000|  0%| F|  |TAMS 0x000000008d200000, 0x000000008d200000| Untracked 
|  85|0x000000008d300000, 0x000000008d300000, 0x000000008d400000|  0%| F|  |TAMS 0x000000008d300000, 0x000000008d300000| Untracked 
|  86|0x000000008d400000, 0x000000008d400000, 0x000000008d500000|  0%| F|  |TAMS 0x000000008d400000, 0x000000008d400000| Untracked 
|  87|0x000000008d500000, 0x000000008d500000, 0x000000008d600000|  0%| F|  |TAMS 0x000000008d500000, 0x000000008d500000| Untracked 
|  88|0x000000008d600000, 0x000000008d600000, 0x000000008d700000|  0%| F|  |TAMS 0x000000008d600000, 0x000000008d600000| Untracked 
|  89|0x000000008d700000, 0x000000008d700000, 0x000000008d800000|  0%| F|  |TAMS 0x000000008d700000, 0x000000008d700000| Untracked 
|  90|0x000000008d800000, 0x000000008d800000, 0x000000008d900000|  0%| F|  |TAMS 0x000000008d800000, 0x000000008d800000| Untracked 
|  91|0x000000008d900000, 0x000000008d900000, 0x000000008da00000|  0%| F|  |TAMS 0x000000008d900000, 0x000000008d900000| Untracked 
|  92|0x000000008da00000, 0x000000008da00000, 0x000000008db00000|  0%| F|  |TAMS 0x000000008da00000, 0x000000008da00000| Untracked 
|  93|0x000000008db00000, 0x000000008db00000, 0x000000008dc00000|  0%| F|  |TAMS 0x000000008db00000, 0x000000008db00000| Untracked 
|  94|0x000000008dc00000, 0x000000008dc00000, 0x000000008dd00000|  0%| F|  |TAMS 0x000000008dc00000, 0x000000008dc00000| Untracked 
|  95|0x000000008dd00000, 0x000000008dd00000, 0x000000008de00000|  0%| F|  |TAMS 0x000000008dd00000, 0x000000008dd00000| Untracked 
|  96|0x000000008de00000, 0x000000008de00000, 0x000000008df00000|  0%| F|  |TAMS 0x000000008de00000, 0x000000008de00000| Untracked 
|  97|0x000000008df00000, 0x000000008df00000, 0x000000008e000000|  0%| F|  |TAMS 0x000000008df00000, 0x000000008df00000| Untracked 
|  98|0x000000008e000000, 0x000000008e000000, 0x000000008e100000|  0%| F|  |TAMS 0x000000008e000000, 0x000000008e000000| Untracked 
|  99|0x000000008e100000, 0x000000008e100000, 0x000000008e200000|  0%| F|  |TAMS 0x000000008e100000, 0x000000008e100000| Untracked 
| 100|0x000000008e200000, 0x000000008e200000, 0x000000008e300000|  0%| F|  |TAMS 0x000000008e200000, 0x000000008e200000| Untracked 
| 101|0x000000008e300000, 0x000000008e300000, 0x000000008e400000|  0%| F|  |TAMS 0x000000008e300000, 0x000000008e300000| Untracked 
| 102|0x000000008e400000, 0x000000008e400000, 0x000000008e500000|  0%| F|  |TAMS 0x000000008e400000, 0x000000008e400000| Untracked 
| 103|0x000000008e500000, 0x000000008e500000, 0x000000008e600000|  0%| F|  |TAMS 0x000000008e500000, 0x000000008e500000| Untracked 
| 104|0x000000008e600000, 0x000000008e600000, 0x000000008e700000|  0%| F|  |TAMS 0x000000008e600000, 0x000000008e600000| Untracked 
| 105|0x000000008e700000, 0x000000008e700000, 0x000000008e800000|  0%| F|  |TAMS 0x000000008e700000, 0x000000008e700000| Untracked 
| 106|0x000000008e800000, 0x000000008e800000, 0x000000008e900000|  0%| F|  |TAMS 0x000000008e800000, 0x000000008e800000| Untracked 
| 107|0x000000008e900000, 0x000000008e900000, 0x000000008ea00000|  0%| F|  |TAMS 0x000000008e900000, 0x000000008e900000| Untracked 
| 108|0x000000008ea00000, 0x000000008ea00000, 0x000000008eb00000|  0%| F|  |TAMS 0x000000008ea00000, 0x000000008ea00000| Untracked 
| 109|0x000000008eb00000, 0x000000008eb00000, 0x000000008ec00000|  0%| F|  |TAMS 0x000000008eb00000, 0x000000008eb00000| Untracked 
| 110|0x000000008ec00000, 0x000000008ec00000, 0x000000008ed00000|  0%| F|  |TAMS 0x000000008ec00000, 0x000000008ec00000| Untracked 
| 111|0x000000008ed00000, 0x000000008ed00800, 0x000000008ee00000|  0%| E|  |TAMS 0x000000008ed00000, 0x000000008ed00000| Complete 
| 112|0x000000008ee00000, 0x000000008ef00000, 0x000000008ef00000|100%| E|CS|TAMS 0x000000008ee00000, 0x000000008ee00000| Complete 
| 113|0x000000008ef00000, 0x000000008f000000, 0x000000008f000000|100%| E|CS|TAMS 0x000000008ef00000, 0x000000008ef00000| Complete 
| 114|0x000000008f000000, 0x000000008f100000, 0x000000008f100000|100%| E|CS|TAMS 0x000000008f000000, 0x000000008f000000| Complete 
| 115|0x000000008f100000, 0x000000008f200000, 0x000000008f200000|100%| E|CS|TAMS 0x000000008f100000, 0x000000008f100000| Complete 
| 116|0x000000008f200000, 0x000000008f300000, 0x000000008f300000|100%| E|CS|TAMS 0x000000008f200000, 0x000000008f200000| Complete 
| 117|0x000000008f300000, 0x000000008f400000, 0x000000008f400000|100%| E|CS|TAMS 0x000000008f300000, 0x000000008f300000| Complete 
| 118|0x000000008f400000, 0x000000008f500000, 0x000000008f500000|100%| E|CS|TAMS 0x000000008f400000, 0x000000008f400000| Complete 
| 119|0x000000008f500000, 0x000000008f600000, 0x000000008f600000|100%| E|CS|TAMS 0x000000008f500000, 0x000000008f500000| Complete 
| 120|0x000000008f600000, 0x000000008f700000, 0x000000008f700000|100%| E|CS|TAMS 0x000000008f600000, 0x000000008f600000| Complete 
| 121|0x000000008f700000, 0x000000008f800000, 0x000000008f800000|100%| E|CS|TAMS 0x000000008f700000, 0x000000008f700000| Complete 
| 122|0x000000008f800000, 0x000000008f900000, 0x000000008f900000|100%| E|  |TAMS 0x000000008f800000, 0x000000008f800000| Complete 
| 123|0x000000008f900000, 0x000000008fa00000, 0x000000008fa00000|100%| E|CS|TAMS 0x000000008f900000, 0x000000008f900000| Complete 
| 124|0x000000008fa00000, 0x000000008fb00000, 0x000000008fb00000|100%| E|CS|TAMS 0x000000008fa00000, 0x000000008fa00000| Complete 
| 125|0x000000008fb00000, 0x000000008fc00000, 0x000000008fc00000|100%| E|CS|TAMS 0x000000008fb00000, 0x000000008fb00000| Complete 
| 126|0x000000008fc00000, 0x000000008fd00000, 0x000000008fd00000|100%| E|CS|TAMS 0x000000008fc00000, 0x000000008fc00000| Complete 
| 127|0x000000008fd00000, 0x000000008fe00000, 0x000000008fe00000|100%| E|CS|TAMS 0x000000008fd00000, 0x000000008fd00000| Complete 
| 128|0x000000008fe00000, 0x000000008ff00000, 0x000000008ff00000|100%| E|CS|TAMS 0x000000008fe00000, 0x000000008fe00000| Complete 
| 129|0x000000008ff00000, 0x0000000090000000, 0x0000000090000000|100%| E|CS|TAMS 0x000000008ff00000, 0x000000008ff00000| Complete 
| 130|0x0000000090000000, 0x0000000090100000, 0x0000000090100000|100%| E|CS|TAMS 0x0000000090000000, 0x0000000090000000| Complete 
| 131|0x0000000090100000, 0x0000000090200000, 0x0000000090200000|100%| E|CS|TAMS 0x0000000090100000, 0x0000000090100000| Complete 
| 132|0x0000000090200000, 0x0000000090300000, 0x0000000090300000|100%| E|CS|TAMS 0x0000000090200000, 0x0000000090200000| Complete 
| 133|0x0000000090300000, 0x0000000090400000, 0x0000000090400000|100%| E|CS|TAMS 0x0000000090300000, 0x0000000090300000| Complete 
| 134|0x0000000090400000, 0x0000000090500000, 0x0000000090500000|100%| E|CS|TAMS 0x0000000090400000, 0x0000000090400000| Complete 
| 135|0x0000000090500000, 0x0000000090600000, 0x0000000090600000|100%| E|CS|TAMS 0x0000000090500000, 0x0000000090500000| Complete 
| 136|0x0000000090600000, 0x0000000090700000, 0x0000000090700000|100%| E|CS|TAMS 0x0000000090600000, 0x0000000090600000| Complete 
| 137|0x0000000090700000, 0x0000000090800000, 0x0000000090800000|100%| E|CS|TAMS 0x0000000090700000, 0x0000000090700000| Complete 
| 138|0x0000000090800000, 0x0000000090900000, 0x0000000090900000|100%| E|CS|TAMS 0x0000000090800000, 0x0000000090800000| Complete 
| 139|0x0000000090900000, 0x0000000090a00000, 0x0000000090a00000|100%| E|CS|TAMS 0x0000000090900000, 0x0000000090900000| Complete 
| 140|0x0000000090a00000, 0x0000000090b00000, 0x0000000090b00000|100%| E|CS|TAMS 0x0000000090a00000, 0x0000000090a00000| Complete 
| 141|0x0000000090b00000, 0x0000000090c00000, 0x0000000090c00000|100%| E|CS|TAMS 0x0000000090b00000, 0x0000000090b00000| Complete 
| 142|0x0000000090c00000, 0x0000000090d00000, 0x0000000090d00000|100%| E|CS|TAMS 0x0000000090c00000, 0x0000000090c00000| Complete 
| 143|0x0000000090d00000, 0x0000000090e00000, 0x0000000090e00000|100%| E|CS|TAMS 0x0000000090d00000, 0x0000000090d00000| Complete 
| 144|0x0000000090e00000, 0x0000000090f00000, 0x0000000090f00000|100%| E|CS|TAMS 0x0000000090e00000, 0x0000000090e00000| Complete 
| 145|0x0000000090f00000, 0x0000000091000000, 0x0000000091000000|100%| E|CS|TAMS 0x0000000090f00000, 0x0000000090f00000| Complete 
| 146|0x0000000091000000, 0x0000000091100000, 0x0000000091100000|100%| E|CS|TAMS 0x0000000091000000, 0x0000000091000000| Complete 
| 147|0x0000000091100000, 0x0000000091200000, 0x0000000091200000|100%| E|CS|TAMS 0x0000000091100000, 0x0000000091100000| Complete 
| 148|0x0000000091200000, 0x0000000091300000, 0x0000000091300000|100%| E|CS|TAMS 0x0000000091200000, 0x0000000091200000| Complete 
| 149|0x0000000091300000, 0x0000000091400000, 0x0000000091400000|100%| E|CS|TAMS 0x0000000091300000, 0x0000000091300000| Complete 
| 150|0x0000000091400000, 0x0000000091500000, 0x0000000091500000|100%| E|CS|TAMS 0x0000000091400000, 0x0000000091400000| Complete 
| 151|0x0000000091500000, 0x0000000091600000, 0x0000000091600000|100%| E|CS|TAMS 0x0000000091500000, 0x0000000091500000| Complete 
| 152|0x0000000091600000, 0x0000000091700000, 0x0000000091700000|100%| E|CS|TAMS 0x0000000091600000, 0x0000000091600000| Complete 
| 153|0x0000000091700000, 0x0000000091800000, 0x0000000091800000|100%| E|CS|TAMS 0x0000000091700000, 0x0000000091700000| Complete 
| 154|0x0000000091800000, 0x0000000091900000, 0x0000000091900000|100%| E|CS|TAMS 0x0000000091800000, 0x0000000091800000| Complete 
| 155|0x0000000091900000, 0x0000000091a00000, 0x0000000091a00000|100%| E|CS|TAMS 0x0000000091900000, 0x0000000091900000| Complete 
| 156|0x0000000091a00000, 0x0000000091b00000, 0x0000000091b00000|100%| E|CS|TAMS 0x0000000091a00000, 0x0000000091a00000| Complete 
| 157|0x0000000091b00000, 0x0000000091c00000, 0x0000000091c00000|100%| E|CS|TAMS 0x0000000091b00000, 0x0000000091b00000| Complete 
| 158|0x0000000091c00000, 0x0000000091d00000, 0x0000000091d00000|100%| E|CS|TAMS 0x0000000091c00000, 0x0000000091c00000| Complete 
| 159|0x0000000091d00000, 0x0000000091e00000, 0x0000000091e00000|100%| E|CS|TAMS 0x0000000091d00000, 0x0000000091d00000| Complete 
| 160|0x0000000091e00000, 0x0000000091f00000, 0x0000000091f00000|100%| E|CS|TAMS 0x0000000091e00000, 0x0000000091e00000| Complete 
| 161|0x0000000091f00000, 0x0000000092000000, 0x0000000092000000|100%| E|CS|TAMS 0x0000000091f00000, 0x0000000091f00000| Complete 
| 162|0x0000000092000000, 0x0000000092100000, 0x0000000092100000|100%| E|CS|TAMS 0x0000000092000000, 0x0000000092000000| Complete 
| 163|0x0000000092100000, 0x0000000092200000, 0x0000000092200000|100%| E|CS|TAMS 0x0000000092100000, 0x0000000092100000| Complete 
| 164|0x0000000092200000, 0x0000000092300000, 0x0000000092300000|100%| E|CS|TAMS 0x0000000092200000, 0x0000000092200000| Complete 
| 165|0x0000000092300000, 0x0000000092400000, 0x0000000092400000|100%| E|CS|TAMS 0x0000000092300000, 0x0000000092300000| Complete 
| 166|0x0000000092400000, 0x0000000092500000, 0x0000000092500000|100%| E|CS|TAMS 0x0000000092400000, 0x0000000092400000| Complete 
| 167|0x0000000092500000, 0x0000000092600000, 0x0000000092600000|100%| E|CS|TAMS 0x0000000092500000, 0x0000000092500000| Complete 
| 168|0x0000000092600000, 0x0000000092700000, 0x0000000092700000|100%| E|CS|TAMS 0x0000000092600000, 0x0000000092600000| Complete 
| 169|0x0000000092700000, 0x0000000092800000, 0x0000000092800000|100%| E|CS|TAMS 0x0000000092700000, 0x0000000092700000| Complete 
| 170|0x0000000092800000, 0x0000000092900000, 0x0000000092900000|100%| E|CS|TAMS 0x0000000092800000, 0x0000000092800000| Complete 
| 171|0x0000000092900000, 0x0000000092a00000, 0x0000000092a00000|100%| E|CS|TAMS 0x0000000092900000, 0x0000000092900000| Complete 
| 172|0x0000000092a00000, 0x0000000092b00000, 0x0000000092b00000|100%| E|CS|TAMS 0x0000000092a00000, 0x0000000092a00000| Complete 
| 173|0x0000000092b00000, 0x0000000092c00000, 0x0000000092c00000|100%| E|CS|TAMS 0x0000000092b00000, 0x0000000092b00000| Complete 
| 174|0x0000000092c00000, 0x0000000092d00000, 0x0000000092d00000|100%| E|CS|TAMS 0x0000000092c00000, 0x0000000092c00000| Complete 
| 175|0x0000000092d00000, 0x0000000092e00000, 0x0000000092e00000|100%| E|CS|TAMS 0x0000000092d00000, 0x0000000092d00000| Complete 
| 176|0x0000000092e00000, 0x0000000092f00000, 0x0000000092f00000|100%| E|CS|TAMS 0x0000000092e00000, 0x0000000092e00000| Complete 
|1920|0x00000000ffe00000, 0x00000000ffe47000, 0x00000000fff00000| 27%|OA|  |TAMS 0x00000000ffe47000, 0x00000000ffe00000| Untracked 
|1921|0x00000000fff00000, 0x00000000fff6a000, 0x0000000100000000| 41%|CA|  |TAMS 0x00000000fff6a000, 0x00000000fff00000| Untracked 

Card table byte_map: [0x00007f7d32b06000,0x00007f7d32ec7000] _byte_map_base: 0x00007f7d326c7000

Marking Bits (Prev, Next): (CMBitMap*) 0x00007f7d4c058e60, (CMBitMap*) 0x00007f7d4c058e28
 Prev Bits: [0x00007f7d2a1f8000, 0x00007f7d2c000000)
 Next Bits: [0x00007f7d3093d000, 0x00007f7d32745000)

Polling page: 0x00007f7d533bf000

Metaspace:

Usage:
  Non-class:     52.30 MB capacity,    51.05 MB ( 98%) used,  1021.93 KB (  2%) free+waste,   265.19 KB ( <1%) overhead. 
      Class:      7.59 MB capacity,     6.77 MB ( 89%) used,   717.80 KB (  9%) free+waste,   119.88 KB (  2%) overhead. 
       Both:     59.89 MB capacity,    57.82 MB ( 97%) used,     1.70 MB (  3%) free+waste,   385.06 KB ( <1%) overhead. 

Virtual space:
  Non-class space:       54.00 MB reserved,      52.50 MB ( 97%) committed 
      Class space:        1.00 GB reserved,       7.62 MB ( <1%) committed 
             Both:        1.05 GB reserved,      60.12 MB (  6%) committed 

Chunk freelists:
   Non-Class:  73.00 KB
       Class:  0 bytes
        Both:  73.00 KB

MaxMetaspaceSize: unlimited
CompressedClassSpaceSize: 1.00 GB

CodeHeap 'non-profiled nmethods': size=120032Kb used=8002Kb max_used=8002Kb free=112029Kb
 bounds [0x00007f7d3b341000, 0x00007f7d3bb21000, 0x00007f7d42879000]
CodeHeap 'profiled nmethods': size=120032Kb used=18790Kb max_used=18798Kb free=101241Kb
 bounds [0x00007f7d33e09000, 0x00007f7d350a9000, 0x00007f7d3b341000]
CodeHeap 'non-nmethods': size=5696Kb used=1352Kb max_used=1482Kb free=4343Kb
 bounds [0x00007f7d33879000, 0x00007f7d33ae9000, 0x00007f7d33e09000]
 total_blobs=14838 nmethods=8477 adapters=604
 compilation: enabled
              stopped_count=0, restarted_count=0
 full_count=0

Compilation events (20 events):
Event: 42836.337 Thread 0x00007f7d4c182000 10938  s    3       java.net.Socket::getSoTimeout (45 bytes)
Event: 42836.338 Thread 0x00007f7d4c182000 nmethod 10938 0x00007f7d33fa2590 code [0x00007f7d33fa27c0, 0x00007f7d33fa3238]
Event: 42836.339 Thread 0x00007f7d4c182000 10939   !   3       java.net.AbstractPlainSocketImpl::getOption (346 bytes)
Event: 42836.346 Thread 0x00007f7d4c182000 nmethod 10939 0x00007f7d35094790 code [0x00007f7d35094c40, 0x00007f7d35097698]
Event: 42836.350 Thread 0x00007f7d4c182000 10940       3       sun.security.util.DerInputStream::mark (9 bytes)
Event: 42836.350 Thread 0x00007f7d4c182000 nmethod 10940 0x00007f7d347eef10 code [0x00007f7d347ef0c0, 0x00007f7d347ef330]
Event: 42836.354 Thread 0x00007f7d4c182000 10941       3       java.util.concurrent.ScheduledThreadPoolExecutor::triggerTime (20 bytes)
Event: 42836.355 Thread 0x00007f7d4c182000 nmethod 10941 0x00007f7d34b46990 code [0x00007f7d34b46b80, 0x00007f7d34b46f18]
Event: 42836.355 Thread 0x00007f7d4c182000 10942       3       java.util.concurrent.ScheduledThreadPoolExecutor::decorateTask (2 bytes)
Event: 42836.355 Thread 0x00007f7d4c182000 nmethod 10942 0x00007f7d33fbe110 code [0x00007f7d33fbe2c0, 0x00007f7d33fbe430]
Event: 42841.142 Thread 0x00007f7d4c180000 10943       4       org.apache.tomcat.util.buf.MessageBytes::setString (43 bytes)
Event: 42841.144 Thread 0x00007f7d4c180000 nmethod 10943 0x00007f7d3bb11610 code [0x00007f7d3bb117a0, 0x00007f7d3bb118f8]
Event: 42850.659 Thread 0x00007f7d4c182000 10944       3       java.util.regex.Matcher::group (62 bytes)
Event: 42850.660 Thread 0x00007f7d4c182000 nmethod 10944 0x00007f7d34b79b10 code [0x00007f7d34b79d00, 0x00007f7d34b7a1c8]
Event: 42850.660 Thread 0x00007f7d4c182000 10945       3       java.util.regex.Matcher::getMatchedGroupIndex (92 bytes)
Event: 42850.667 Thread 0x00007f7d4c182000 nmethod 10945 0x00007f7d35098210 code [0x00007f7d350985a0, 0x00007f7d35099968]
Event: 42850.674 Thread 0x00007f7d4c180000 10946       4       sun.security.ssl.Authenticator$SSLAuthenticator::seqNumIsHuge (54 bytes)
Event: 42850.675 Thread 0x00007f7d4c180000 nmethod 10946 0x00007f7d3bb11990 code [0x00007f7d3bb11b20, 0x00007f7d3bb11bf8]
Event: 42927.376 Thread 0x00007f7d4c180000 10947       4       sun.security.ssl.SSLSocketImpl$AppInputStream::available (24 bytes)
Event: 42927.379 Thread 0x00007f7d4c180000 nmethod 10947 0x00007f7d3bb11d10 code [0x00007f7d3bb11ec0, 0x00007f7d3bb122d8]

GC Heap History (20 events):
Event: 25024.836 GC heap before
{Heap before GC invocations=38 (full 0):
 garbage-first heap   total 183296K, used 137017K [0x0000000087e00000, 0x0000000100000000)
  region size 1024K, 107 young (109568K), 11 survivors (11264K)
 Metaspace       used 58866K, capacity 60935K, committed 61056K, reserved 1101824K
  class space    used 6934K, capacity 7771K, committed 7808K, reserved 1048576K
}
Event: 25024.840 GC heap after
{Heap after GC invocations=39 (full 0):
 garbage-first heap   total 183296K, used 40294K [0x0000000087e00000, 0x0000000100000000)
  region size 1024K, 9 young (9216K), 9 survivors (9216K)
 Metaspace       used 58866K, capacity 60935K, committed 61056K, reserved 1101824K
  class space    used 6934K, capacity 7771K, committed 7808K, reserved 1048576K
}
Event: 26884.194 GC heap before
{Heap before GC invocations=39 (full 0):
 garbage-first heap   total 183296K, used 139622K [0x0000000087e00000, 0x0000000100000000)
  region size 1024K, 107 young (109568K), 9 survivors (9216K)
 Metaspace       used 58899K, capacity 60935K, committed 61056K, reserved 1101824K
  class space    used 6934K, capacity 7771K, committed 7808K, reserved 1048576K
}
Event: 26884.205 GC heap after
{Heap after GC invocations=40 (full 0):
 garbage-first heap   total 183296K, used 43124K [0x0000000087e00000, 0x0000000100000000)
  region size 1024K, 9 young (9216K), 9 survivors (9216K)
 Metaspace       used 58899K, capacity 60935K, committed 61056K, reserved 1101824K
  class space    used 6934K, capacity 7771K, committed 7808K, reserved 1048576K
}
Event: 28794.621 GC heap before
{Heap before GC invocations=40 (full 0):
 garbage-first heap   total 183296K, used 143476K [0x0000000087e00000, 0x0000000100000000)
  region size 1024K, 107 young (109568K), 9 survivors (9216K)
 Metaspace       used 58965K, capacity 60999K, committed 61312K, reserved 1103872K
  class space    used 6934K, capacity 7771K, committed 7808K, reserved 1048576K
}
Event: 28794.631 GC heap after
{Heap after GC invocations=41 (full 0):
 garbage-first heap   total 183296K, used 45256K [0x0000000087e00000, 0x0000000100000000)
  region size 1024K, 8 young (8192K), 8 survivors (8192K)
 Metaspace       used 58965K, capacity 60999K, committed 61312K, reserved 1103872K
  class space    used 6934K, capacity 7771K, committed 7808K, reserved 1048576K
}
Event: 30739.404 GC heap before
{Heap before GC invocations=41 (full 0):
 garbage-first heap   total 183296K, used 145608K [0x0000000087e00000, 0x0000000100000000)
  region size 1024K, 107 young (109568K), 8 survivors (8192K)
 Metaspace       used 58999K, capacity 61127K, committed 61312K, reserved 1103872K
  class space    used 6934K, capacity 7771K, committed 7808K, reserved 1048576K
}
Event: 30739.413 GC heap after
{Heap after GC invocations=42 (full 0):
 garbage-first heap   total 183296K, used 47164K [0x0000000087e00000, 0x0000000100000000)
  region size 1024K, 7 young (7168K), 7 survivors (7168K)
 Metaspace       used 58999K, capacity 61127K, committed 61312K, reserved 1103872K
  class space    used 6934K, capacity 7771K, committed 7808K, reserved 1048576K
}
Event: 32651.465 GC heap before
{Heap before GC invocations=42 (full 0):
 garbage-first heap   total 183296K, used 147516K [0x0000000087e00000, 0x0000000100000000)
  region size 1024K, 105 young (107520K), 7 survivors (7168K)
 Metaspace       used 59022K, capacity 61127K, committed 61312K, reserved 1103872K
  class space    used 6934K, capacity 7771K, committed 7808K, reserved 1048576K
}
Event: 32651.474 GC heap after
{Heap after GC invocations=43 (full 0):
 garbage-first heap   total 183296K, used 50281K [0x0000000087e00000, 0x0000000100000000)
  region size 1024K, 10 young (10240K), 10 survivors (10240K)
 Metaspace       used 59022K, capacity 61127K, committed 61312K, reserved 1103872K
  class space    used 6934K, capacity 7771K, committed 7808K, reserved 1048576K
}
Event: 34512.931 GC heap before
{Heap before GC invocations=43 (full 0):
 garbage-first heap   total 183296K, used 147561K [0x0000000087e00000, 0x0000000100000000)
  region size 1024K, 105 young (107520K), 10 survivors (10240K)
 Metaspace       used 59052K, capacity 61191K, committed 61312K, reserved 1103872K
  class space    used 6934K, capacity 7771K, committed 7808K, reserved 1048576K
}
Event: 34512.940 GC heap after
{Heap after GC invocations=44 (full 0):
 garbage-first heap   total 183296K, used 50395K [0x0000000087e00000, 0x0000000100000000)
  region size 1024K, 10 young (10240K), 10 survivors (10240K)
 Metaspace       used 59052K, capacity 61191K, committed 61312K, reserved 1103872K
  class space    used 6934K, capacity 7771K, committed 7808K, reserved 1048576K
}
Event: 36219.142 GC heap before
{Heap before GC invocations=44 (full 0):
 garbage-first heap   total 183296K, used 147675K [0x0000000087e00000, 0x0000000100000000)
  region size 1024K, 106 young (108544K), 10 survivors (10240K)
 Metaspace       used 59111K, capacity 61268K, committed 61568K, reserved 1103872K
  class space    used 6935K, capacity 7773K, committed 7808K, reserved 1048576K
}
Event: 36219.148 GC heap after
{Heap after GC invocations=45 (full 0):
 garbage-first heap   total 183296K, used 50963K [0x0000000087e00000, 0x0000000100000000)
  region size 1024K, 10 young (10240K), 10 survivors (10240K)
 Metaspace       used 59111K, capacity 61268K, committed 61568K, reserved 1103872K
  class space    used 6935K, capacity 7773K, committed 7808K, reserved 1048576K
}
Event: 38064.572 GC heap before
{Heap before GC invocations=45 (full 0):
 garbage-first heap   total 183296K, used 149267K [0x0000000087e00000, 0x0000000100000000)
  region size 1024K, 106 young (108544K), 10 survivors (10240K)
 Metaspace       used 59126K, capacity 61268K, committed 61568K, reserved 1103872K
  class space    used 6935K, capacity 7773K, committed 7808K, reserved 1048576K
}
Event: 38064.580 GC heap after
{Heap after GC invocations=46 (full 0):
 garbage-first heap   total 183296K, used 50574K [0x0000000087e00000, 0x0000000100000000)
  region size 1024K, 10 young (10240K), 10 survivors (10240K)
 Metaspace       used 59126K, capacity 61268K, committed 61568K, reserved 1103872K
  class space    used 6935K, capacity 7773K, committed 7808K, reserved 1048576K
}
Event: 39924.640 GC heap before
{Heap before GC invocations=46 (full 0):
 garbage-first heap   total 183296K, used 147854K [0x0000000087e00000, 0x0000000100000000)
  region size 1024K, 106 young (108544K), 10 survivors (10240K)
 Metaspace       used 59150K, capacity 61268K, committed 61568K, reserved 1103872K
  class space    used 6935K, capacity 7773K, committed 7808K, reserved 1048576K
}
Event: 39924.650 GC heap after
{Heap after GC invocations=47 (full 0):
 garbage-first heap   total 183296K, used 50344K [0x0000000087e00000, 0x0000000100000000)
  region size 1024K, 10 young (10240K), 10 survivors (10240K)
 Metaspace       used 59150K, capacity 61268K, committed 61568K, reserved 1103872K
  class space    used 6935K, capacity 7773K, committed 7808K, reserved 1048576K
}
Event: 41805.323 GC heap before
{Heap before GC invocations=47 (full 0):
 garbage-first heap   total 183296K, used 147624K [0x0000000087e00000, 0x0000000100000000)
  region size 1024K, 106 young (108544K), 10 survivors (10240K)
 Metaspace       used 59172K, capacity 61332K, committed 61568K, reserved 1103872K
  class space    used 6935K, capacity 7773K, committed 7808K, reserved 1048576K
}
Event: 41805.333 GC heap after
{Heap after GC invocations=48 (full 0):
 garbage-first heap   total 183296K, used 50508K [0x0000000087e00000, 0x0000000100000000)
  region size 1024K, 10 young (10240K), 10 survivors (10240K)
 Metaspace       used 59172K, capacity 61332K, committed 61568K, reserved 1103872K
  class space    used 6935K, capacity 7773K, committed 7808K, reserved 1048576K
}

Deoptimization events (20 events):
Event: 42927.369 Thread 0x00007f7cac325800 DEOPT PACKING pc=0x00007f7d34417ba4 sp=0x00007f7d19631c90
Event: 42927.369 Thread 0x00007f7cac325800 DEOPT UNPACKING pc=0x00007f7d338b203a sp=0x00007f7d19631200 mode 1
Event: 42927.369 Thread 0x00007f7cac325800 DEOPT PACKING pc=0x00007f7d34d54bb4 sp=0x00007f7d19631d90
Event: 42927.369 Thread 0x00007f7cac325800 DEOPT UNPACKING pc=0x00007f7d338b203a sp=0x00007f7d19631340 mode 1
Event: 42927.369 Thread 0x00007f7cac325800 DEOPT PACKING pc=0x00007f7d34bff5bc sp=0x00007f7d19631ee0
Event: 42927.369 Thread 0x00007f7cac325800 DEOPT UNPACKING pc=0x00007f7d338b203a sp=0x00007f7d19631490 mode 1
Event: 42927.370 Thread 0x00007f7cac325800 DEOPT PACKING pc=0x00007f7d34f7c12c sp=0x00007f7d19632030
Event: 42927.370 Thread 0x00007f7cac325800 DEOPT UNPACKING pc=0x00007f7d338b203a sp=0x00007f7d19631578 mode 1
Event: 42927.370 Thread 0x00007f7cac325800 DEOPT PACKING pc=0x00007f7d34417ba4 sp=0x00007f7d19631c90
Event: 42927.370 Thread 0x00007f7cac325800 DEOPT UNPACKING pc=0x00007f7d338b203a sp=0x00007f7d19631200 mode 1
Event: 42927.370 Thread 0x00007f7cac325800 DEOPT PACKING pc=0x00007f7d34d54bb4 sp=0x00007f7d19631d90
Event: 42927.370 Thread 0x00007f7cac325800 DEOPT UNPACKING pc=0x00007f7d338b203a sp=0x00007f7d19631340 mode 1
Event: 42927.370 Thread 0x00007f7cac325800 DEOPT PACKING pc=0x00007f7d34bff5bc sp=0x00007f7d19631ee0
Event: 42927.370 Thread 0x00007f7cac325800 DEOPT UNPACKING pc=0x00007f7d338b203a sp=0x00007f7d19631490 mode 1
Event: 42927.370 Thread 0x00007f7cac325800 DEOPT PACKING pc=0x00007f7d34f7c12c sp=0x00007f7d19632030
Event: 42927.370 Thread 0x00007f7cac325800 DEOPT UNPACKING pc=0x00007f7d338b203a sp=0x00007f7d19631578 mode 1
Event: 43010.359 Thread 0x00007f7cf4001800 Uncommon trap: trap_request=0xffffff4d fr.pc=0x00007f7d3ba47564 relative=0x0000000000000524
Event: 43010.359 Thread 0x00007f7cf4001800 Uncommon trap: reason=unstable_if action=reinterpret pc=0x00007f7d3ba47564 method=java.lang.ThreadGroup.remove(Ljava/lang/Thread;)V @ 21 c2
Event: 43010.359 Thread 0x00007f7cf4001800 DEOPT PACKING pc=0x00007f7d3ba47564 sp=0x00007f7d1a421750
Event: 43010.359 Thread 0x00007f7cf4001800 DEOPT UNPACKING pc=0x00007f7d338b2225 sp=0x00007f7d1a421700 mode 2

Classes redefined (0 events):
No events

Internal exceptions (20 events):
Event: 117.688 Thread 0x00007f7cd5c6f800 Exception <a 'java/lang/NoSuchMethodError'{0x000000008ff865f8}: 'java.lang.Object java.lang.invoke.DirectMethodHandle$Holder.invokeStatic(java.lang.Object, int, java.lang.Object)'> (0x000000008ff865f8) thrown at [/build/openjdk-lts-iuKaMP/openjdk-lts-11.0
Event: 120.637 Thread 0x00007f7cd5c72000 Exception <a 'java/lang/NoSuchMethodError'{0x000000008fca2b28}: 'java.lang.Object java.lang.invoke.DirectMethodHandle$Holder.invokeStatic(java.lang.Object, java.lang.Object, java.lang.Object, java.lang.Object, java.lang.Object, java.lang.Object, java.lang
Event: 120.640 Thread 0x00007f7cd5c72000 Exception <a 'java/lang/NoSuchMethodError'{0x000000008fcc22f0}: 'java.lang.Object java.lang.invoke.DirectMethodHandle$Holder.invokeStatic(java.lang.Object, java.lang.Object, java.lang.Object, java.lang.Object, java.lang.Object, java.lang.Object, java.lang
Event: 120.643 Thread 0x00007f7cd5c72000 Exception <a 'java/lang/NoSuchMethodError'{0x000000008fce2cd8}: 'java.lang.Object java.lang.invoke.DirectMethodHandle$Holder.invokeStatic(java.lang.Object, java.lang.Object, java.lang.Object, java.lang.Object, java.lang.Object, java.lang.Object, java.lang
Event: 120.646 Thread 0x00007f7cd5c72000 Exception <a 'java/lang/NoSuchMethodError'{0x000000008fb05318}: 'java.lang.Object java.lang.invoke.DirectMethodHandle$Holder.invokeStatic(java.lang.Object, java.lang.Object, java.lang.Object, java.lang.Object, java.lang.Object, java.lang.Object, java.lang
Event: 120.649 Thread 0x00007f7cd5c72000 Exception <a 'java/lang/ClassNotFoundException'{0x000000008fb200b0}: com/zuci/zio/model/ChannelConfigBeanInfo> (0x000000008fb200b0) thrown at [/build/openjdk-lts-iuKaMP/openjdk-lts-11.0.6+10/src/hotspot/share/classfile/systemDictionary.cpp, line 231]
Event: 120.650 Thread 0x00007f7cd5c72000 Exception <a 'java/lang/ClassNotFoundException'{0x000000008fb246a8}: java/lang/ObjectBeanInfo> (0x000000008fb246a8) thrown at [/build/openjdk-lts-iuKaMP/openjdk-lts-11.0.6+10/src/hotspot/share/classfile/systemDictionary.cpp, line 231]
Event: 120.650 Thread 0x00007f7cd5c72000 Exception <a 'java/lang/ClassNotFoundException'{0x000000008fb28ef0}: java/lang/ObjectCustomizer> (0x000000008fb28ef0) thrown at [/build/openjdk-lts-iuKaMP/openjdk-lts-11.0.6+10/src/hotspot/share/classfile/systemDictionary.cpp, line 231]
Event: 120.652 Thread 0x00007f7cd5c72000 Exception <a 'java/lang/ClassNotFoundException'{0x000000008fb3c390}: com/zuci/zio/model/ChannelConfigCustomizer> (0x000000008fb3c390) thrown at [/build/openjdk-lts-iuKaMP/openjdk-lts-11.0.6+10/src/hotspot/share/classfile/systemDictionary.cpp, line 231]
Event: 120.734 Thread 0x00007f7cd5c72000 Exception <a 'java/lang/NoSuchMethodError'{0x000000008f61b2e8}: 'java.lang.Object java.lang.invoke.DirectMethodHandle$Holder.newInvokeSpecial(java.lang.Object, java.lang.Object, int)'> (0x000000008f61b2e8) thrown at [/build/openjdk-lts-iuKaMP/openjdk-lts-
Event: 120.753 Thread 0x00007f7cd5c72000 Exception <a 'java/lang/IncompatibleClassChangeError'{0x000000008f543a48}: Found class java.lang.Object, but interface was expected> (0x000000008f543a48) thrown at [/build/openjdk-lts-iuKaMP/openjdk-lts-11.0.6+10/src/hotspot/share/interpreter/linkResolver
Event: 120.774 Thread 0x00007f7cd5c72000 Exception <a 'java/lang/ClassNotFoundException'{0x000000008f4c4f00}: java/lang/ObjectCustomizer> (0x000000008f4c4f00) thrown at [/build/openjdk-lts-iuKaMP/openjdk-lts-11.0.6+10/src/hotspot/share/classfile/systemDictionary.cpp, line 231]
Event: 120.776 Thread 0x00007f7cd5c72000 Exception <a 'java/lang/ClassNotFoundException'{0x000000008f4d8280}: com/zuci/zio/model/ChannelConfigCustomizer> (0x000000008f4d8280) thrown at [/build/openjdk-lts-iuKaMP/openjdk-lts-11.0.6+10/src/hotspot/share/classfile/systemDictionary.cpp, line 231]
Event: 120.899 Thread 0x00007f7cd5c72000 Exception <a 'java/lang/IncompatibleClassChangeError'{0x000000008f309b90}: Found class java.lang.Object, but interface was expected> (0x000000008f309b90) thrown at [/build/openjdk-lts-iuKaMP/openjdk-lts-11.0.6+10/src/hotspot/share/interpreter/linkResolver
Event: 121.273 Thread 0x00007f7cd5c72000 Implicit null exception at 0x00007f7d3b51eae7 to 0x00007f7d3b51f1ee
Event: 121.284 Thread 0x00007f7cd5c72000 Exception <a 'java/lang/NoSuchMethodError'{0x000000008def5338}: 'void java.lang.invoke.DelegatingMethodHandle$Holder.delegate(java.lang.Object, java.lang.Object, int, java.lang.Object)'> (0x000000008def5338) thrown at [/build/openjdk-lts-iuKaMP/openjdk-lt
Event: 121.609 Thread 0x00007f7cd5c72000 Exception <a 'java/lang/NoSuchMethodError'{0x000000008d62dc50}: 'void java.lang.invoke.DirectMethodHandle$Holder.invokeSpecialIFC(java.lang.Object, java.lang.Object, java.lang.Object)'> (0x000000008d62dc50) thrown at [/build/openjdk-lts-iuKaMP/openjdk-lts
Event: 1499.215 Thread 0x00007f7cd5c63800 Implicit null exception at 0x00007f7d3b8e5523 to 0x00007f7d3b8e58c2
Event: 6604.145 Thread 0x00007f7cd5c65800 Implicit null exception at 0x00007f7d3b8a7c18 to 0x00007f7d3b8a90ce
Event: 7192.891 Thread 0x00007f7cac31e000 Implicit null exception at 0x00007f7d3b5b61f4 to 0x00007f7d3b5b6b8a

Events (20 events):
Event: 42927.383 Thread 0x00007f7d4c184000 flushing nmethod 0x00007f7d341fdd90
Event: 42927.387 Thread 0x00007f7d4c184000 flushing nmethod 0x00007f7d34d39a90
Event: 42932.364 Executing VM operation: RevokeBias
Event: 42932.365 Executing VM operation: RevokeBias done
Event: 42932.365 Thread 0x00007f7cac31d800 Thread exited: 0x00007f7cac31d800
Event: 42932.376 Executing VM operation: RevokeBias
Event: 42932.376 Executing VM operation: RevokeBias done
Event: 42932.377 Thread 0x00007f7cac325800 Thread exited: 0x00007f7cac325800
Event: 42954.713 Thread 0x00007f7cac31d800 Thread added: 0x00007f7cac31d800
Event: 42954.713 Protecting memory [0x00007f7d19534000,0x00007f7d19538000] with protection modes 0
Event: 42954.713 Executing VM operation: RevokeBias
Event: 42954.714 Executing VM operation: RevokeBias done
Event: 42954.714 Thread 0x00007f7cac322000 Thread exited: 0x00007f7cac322000
Event: 42984.714 Executing VM operation: RevokeBias
Event: 42984.714 Thread 0x00007f7cac322000 Thread added: 0x00007f7cac322000
Event: 42984.714 Protecting memory [0x00007f7cc6ef8000,0x00007f7cc6efc000] with protection modes 0
Event: 42984.715 Executing VM operation: RevokeBias done
Event: 42984.715 Thread 0x00007f7cac31d800 Thread exited: 0x00007f7cac31d800
Event: 43010.359 Thread 0x00007f7cf4001800 Thread exited: 0x00007f7cf4001800
Event: 43010.376 loading class jdk/internal/misc/Signal$1


Dynamic libraries:
87e00000-92f00000 rw-p 00000000 00:00 0 
92f00000-ffe00000 ---p 00000000 00:00 0 
ffe00000-ffe47000 rw-p 01105000 08:01 919630                             /usr/lib/jvm/java-11-openjdk-amd64/lib/server/classes.jsa
ffe47000-fff00000 rw-p 00000000 00:00 0 
fff00000-fff6a000 rw-p 0109b000 08:01 919630                             /usr/lib/jvm/java-11-openjdk-amd64/lib/server/classes.jsa
fff6a000-100000000 rw-p 00000000 00:00 0 
800000000-800002000 rwxp 00001000 08:01 919630                           /usr/lib/jvm/java-11-openjdk-amd64/lib/server/classes.jsa
800002000-80109a000 rw-p 00003000 08:01 919630                           /usr/lib/jvm/java-11-openjdk-amd64/lib/server/classes.jsa
840000000-8407a0000 rw-p 00000000 00:00 0 
8407a0000-880000000 ---p 00000000 00:00 0 
560687451000-560687452000 r-xp 00000000 08:01 918545                     /usr/lib/jvm/java-11-openjdk-amd64/bin/java
560687652000-560687653000 r--p 00001000 08:01 918545                     /usr/lib/jvm/java-11-openjdk-amd64/bin/java
560687653000-560687654000 rw-p 00002000 08:01 918545                     /usr/lib/jvm/java-11-openjdk-amd64/bin/java
560689015000-560689086000 rw-p 00000000 00:00 0                          [heap]
7f7cabe00000-7f7cabe80000 rw-p 00000000 00:00 0 
7f7cabe80000-7f7cac000000 ---p 00000000 00:00 0 
7f7cac000000-7f7cadd07000 rw-p 00000000 00:00 0 
7f7cadd07000-7f7cb0000000 ---p 00000000 00:00 0 
7f7cb0000000-7f7cb0049000 rw-p 00000000 00:00 0 
7f7cb0049000-7f7cb4000000 ---p 00000000 00:00 0 
7f7cb4000000-7f7cb72bc000 rw-p 00000000 00:00 0 
7f7cb72bc000-7f7cb8000000 ---p 00000000 00:00 0 
7f7cb8000000-7f7cb803e000 rw-p 00000000 00:00 0 
7f7cb803e000-7f7cbc000000 ---p 00000000 00:00 0 
7f7cbc000000-7f7cbc310000 rw-p 00000000 00:00 0 
7f7cbc310000-7f7cc0000000 ---p 00000000 00:00 0 
7f7cc0000000-7f7cc0044000 rw-p 00000000 00:00 0 
7f7cc0044000-7f7cc4000000 ---p 00000000 00:00 0 
7f7cc40dd000-7f7cc40e1000 ---p 00000000 00:00 0 
7f7cc40e1000-7f7cc43de000 rw-p 00000000 00:00 0 
7f7cc43de000-7f7cc45de000 rw-p 00000000 00:00 0 
7f7cc45de000-7f7cc45e2000 ---p 00000000 00:00 0 
7f7cc45e2000-7f7cc46df000 rw-p 00000000 00:00 0 
7f7cc46df000-7f7cc46e3000 ---p 00000000 00:00 0 
7f7cc46e3000-7f7cc49e0000 rw-p 00000000 00:00 0 
7f7cc49e0000-7f7cc4be0000 rw-p 00000000 00:00 0 
7f7cc4be0000-7f7cc4c0a000 r-xp 00000000 08:01 918705                     /usr/lib/jvm/java-11-openjdk-amd64/lib/libsunec.so
7f7cc4c0a000-7f7cc4e09000 ---p 0002a000 08:01 918705                     /usr/lib/jvm/java-11-openjdk-amd64/lib/libsunec.so
7f7cc4e09000-7f7cc4e0d000 r--p 00029000 08:01 918705                     /usr/lib/jvm/java-11-openjdk-amd64/lib/libsunec.so
7f7cc4e0d000-7f7cc4e0f000 rw-p 0002d000 08:01 918705                     /usr/lib/jvm/java-11-openjdk-amd64/lib/libsunec.so
7f7cc4e0f000-7f7cc500f000 rw-p 00000000 00:00 0 
7f7cc500f000-7f7cc520f000 rw-p 00000000 00:00 0 
7f7cc520f000-7f7cc540f000 rw-p 00000000 00:00 0 
7f7cc540f000-7f7cc560f000 rw-p 00000000 00:00 0 
7f7cc560f000-7f7cc5617000 r-xp 00000000 08:01 918677                     /usr/lib/jvm/java-11-openjdk-amd64/lib/libawt_headless.so
7f7cc5617000-7f7cc5816000 ---p 00008000 08:01 918677                     /usr/lib/jvm/java-11-openjdk-amd64/lib/libawt_headless.so
7f7cc5816000-7f7cc5817000 r--p 00007000 08:01 918677                     /usr/lib/jvm/java-11-openjdk-amd64/lib/libawt_headless.so
7f7cc5817000-7f7cc5818000 rw-p 00008000 08:01 918677                     /usr/lib/jvm/java-11-openjdk-amd64/lib/libawt_headless.so
7f7cc5818000-7f7cc58b7000 r-xp 00000000 08:01 918676                     /usr/lib/jvm/java-11-openjdk-amd64/lib/libawt.so
7f7cc58b7000-7f7cc5ab7000 ---p 0009f000 08:01 918676                     /usr/lib/jvm/java-11-openjdk-amd64/lib/libawt.so
7f7cc5ab7000-7f7cc5ab8000 r--p 0009f000 08:01 918676                     /usr/lib/jvm/java-11-openjdk-amd64/lib/libawt.so
7f7cc5ab8000-7f7cc5ac3000 rw-p 000a0000 08:01 918676                     /usr/lib/jvm/java-11-openjdk-amd64/lib/libawt.so
7f7cc5ac3000-7f7cc5ce8000 rw-p 00000000 00:00 0 
7f7cc5ce8000-7f7cc5cec000 ---p 00000000 00:00 0 
7f7cc5cec000-7f7cc5de9000 rw-p 00000000 00:00 0 
7f7cc5de9000-7f7cc5ded000 ---p 00000000 00:00 0 
7f7cc5ded000-7f7cc5eea000 rw-p 00000000 00:00 0 
7f7cc5eea000-7f7cc5eee000 ---p 00000000 00:00 0 
7f7cc5eee000-7f7cc5feb000 rw-p 00000000 00:00 0 
7f7cc5feb000-7f7cc5fef000 ---p 00000000 00:00 0 
7f7cc5fef000-7f7cc60ec000 rw-p 00000000 00:00 0 
7f7cc60ec000-7f7cc60f0000 ---p 00000000 00:00 0 
7f7cc60f0000-7f7cc61ed000 rw-p 00000000 00:00 0 
7f7cc61ed000-7f7cc61f1000 ---p 00000000 00:00 0 
7f7cc61f1000-7f7cc62ee000 rw-p 00000000 00:00 0 
7f7cc62ee000-7f7cc62f2000 ---p 00000000 00:00 0 
7f7cc62f2000-7f7cc63ef000 rw-p 00000000 00:00 0 
7f7cc63ef000-7f7cc63f3000 ---p 00000000 00:00 0 
7f7cc63f3000-7f7cc64f0000 rw-p 00000000 00:00 0 
7f7cc64f0000-7f7cc64f4000 ---p 00000000 00:00 0 
7f7cc64f4000-7f7cc65f1000 rw-p 00000000 00:00 0 
7f7cc65f1000-7f7cc65f5000 ---p 00000000 00:00 0 
7f7cc65f5000-7f7cc66f2000 rw-p 00000000 00:00 0 
7f7cc66f2000-7f7cc66f6000 ---p 00000000 00:00 0 
7f7cc66f6000-7f7cc67f3000 rw-p 00000000 00:00 0 
7f7cc67f3000-7f7cc67f7000 ---p 00000000 00:00 0 
7f7cc67f7000-7f7cc68f4000 rw-p 00000000 00:00 0 
7f7cc68f4000-7f7cc68f8000 ---p 00000000 00:00 0 
7f7cc68f8000-7f7cc69f5000 rw-p 00000000 00:00 0 
7f7cc69f5000-7f7cc69f9000 ---p 00000000 00:00 0 
7f7cc69f9000-7f7cc6af6000 rw-p 00000000 00:00 0 
7f7cc6af6000-7f7cc6afa000 ---p 00000000 00:00 0 
7f7cc6afa000-7f7cc6df7000 rw-p 00000000 00:00 0 
7f7cc6df7000-7f7cc6dfb000 ---p 00000000 00:00 0 
7f7cc6dfb000-7f7cc6ef8000 rw-p 00000000 00:00 0 
7f7cc6ef8000-7f7cc6efc000 ---p 00000000 00:00 0 
7f7cc6efc000-7f7cc6ff9000 rw-p 00000000 00:00 0 
7f7cc6ff9000-7f7cc6ffd000 ---p 00000000 00:00 0 
7f7cc6ffd000-7f7cc70fa000 rw-p 00000000 00:00 0 
7f7cc70fa000-7f7cc70fe000 ---p 00000000 00:00 0 
7f7cc70fe000-7f7cc73fb000 rw-p 00000000 00:00 0 
7f7cc73fb000-7f7cc73ff000 ---p 00000000 00:00 0 
7f7cc73ff000-7f7cc74fc000 rw-p 00000000 00:00 0 
7f7cc74fc000-7f7cc7500000 ---p 00000000 00:00 0 
7f7cc7500000-7f7cc75fd000 rw-p 00000000 00:00 0 
7f7cc75fd000-7f7cc75ff000 r-xp 00000000 08:01 918680                     /usr/lib/jvm/java-11-openjdk-amd64/lib/libextnet.so
7f7cc75ff000-7f7cc77fe000 ---p 00002000 08:01 918680                     /usr/lib/jvm/java-11-openjdk-amd64/lib/libextnet.so
7f7cc77fe000-7f7cc77ff000 r--p 00001000 08:01 918680                     /usr/lib/jvm/java-11-openjdk-amd64/lib/libextnet.so
7f7cc77ff000-7f7cc7800000 rw-p 00002000 08:01 918680                     /usr/lib/jvm/java-11-openjdk-amd64/lib/libextnet.so
7f7cc7800000-7f7cc7a00000 rw-p 00000000 00:00 0 
7f7cc7a00000-7f7cc7c00000 rw-p 00000000 00:00 0 
7f7cc7c00000-7f7cc7e00000 rw-p 00000000 00:00 0 
7f7cc7e00000-7f7cc8000000 rw-p 00000000 00:00 0 
7f7cc8000000-7f7cca967000 rw-p 00000000 00:00 0 
7f7cca967000-7f7ccc000000 ---p 00000000 00:00 0 
7f7ccc000000-7f7ccc02e000 rw-p 00000000 00:00 0 
7f7ccc02e000-7f7cd0000000 ---p 00000000 00:00 0 
7f7cd0000000-7f7cd0160000 rw-p 00000000 00:00 0 
7f7cd0160000-7f7cd4000000 ---p 00000000 00:00 0 
7f7cd4000000-7f7cd7168000 rw-p 00000000 00:00 0 
7f7cd7168000-7f7cd8000000 ---p 00000000 00:00 0 
7f7cd8000000-7f7cd80d5000 rw-p 00000000 00:00 0 
7f7cd80d5000-7f7cdc000000 ---p 00000000 00:00 0 
7f7cdc000000-7f7cdd988000 rw-p 00000000 00:00 0 
7f7cdd988000-7f7ce0000000 ---p 00000000 00:00 0 
7f7ce0000000-7f7ce04c0000 rw-p 00000000 00:00 0 
7f7ce04c0000-7f7ce4000000 ---p 00000000 00:00 0 
7f7ce4000000-7f7ce40fd000 rw-p 00000000 00:00 0 
7f7ce40fd000-7f7ce8000000 ---p 00000000 00:00 0 
7f7ce8000000-7f7ce80c2000 rw-p 00000000 00:00 0 
7f7ce80c2000-7f7cec000000 ---p 00000000 00:00 0 
7f7cec000000-7f7cec982000 rw-p 00000000 00:00 0 
7f7cec982000-7f7cf0000000 ---p 00000000 00:00 0 
7f7cf0000000-7f7cf00c6000 rw-p 00000000 00:00 0 
7f7cf00c6000-7f7cf4000000 ---p 00000000 00:00 0 
7f7cf4000000-7f7cf4237000 rw-p 00000000 00:00 0 
7f7cf4237000-7f7cf8000000 ---p 00000000 00:00 0 
7f7cf8000000-7f7cf9048000 rw-p 00000000 00:00 0 
7f7cf9048000-7f7cfc000000 ---p 00000000 00:00 0 
7f7cfc000000-7f7cfc13e000 rw-p 00000000 00:00 0 
7f7cfc13e000-7f7d00000000 ---p 00000000 00:00 0 
7f7d00000000-7f7d00a96000 rw-p 00000000 00:00 0 
7f7d00a96000-7f7d04000000 ---p 00000000 00:00 0 
7f7d04000000-7f7d07ffa000 rw-p 00000000 00:00 0 
7f7d07ffa000-7f7d08000000 ---p 00000000 00:00 0 
7f7d08000000-7f7d08068000 rw-p 00000000 00:00 0 
7f7d08068000-7f7d0c000000 ---p 00000000 00:00 0 
7f7d0c000000-7f7d0c047000 rw-p 00000000 00:00 0 
7f7d0c047000-7f7d10000000 ---p 00000000 00:00 0 
7f7d10000000-7f7d10393000 rw-p 00000000 00:00 0 
7f7d10393000-7f7d14000000 ---p 00000000 00:00 0 
7f7d14000000-7f7d17ffd000 rw-p 00000000 00:00 0 
7f7d17ffd000-7f7d18000000 ---p 00000000 00:00 0 
7f7d1808c000-7f7d18090000 ---p 00000000 00:00 0 
7f7d18090000-7f7d1838d000 rw-p 00000000 00:00 0 
7f7d1838d000-7f7d1858d000 rw-p 00000000 00:00 0 
7f7d1858d000-7f7d1878d000 rw-p 00000000 00:00 0 
7f7d1878d000-7f7d1898d000 rw-p 00000000 00:00 0 
7f7d1898d000-7f7d18b8d000 rw-p 00000000 00:00 0 
7f7d18b8d000-7f7d18d8d000 rw-p 00000000 00:00 0 
7f7d18d8d000-7f7d18f8d000 rw-p 00000000 00:00 0 
7f7d18f8d000-7f7d18f92000 r-xp 00000000 08:01 918697                     /usr/lib/jvm/java-11-openjdk-amd64/lib/libmanagement_ext.so
7f7d18f92000-7f7d19191000 ---p 00005000 08:01 918697                     /usr/lib/jvm/java-11-openjdk-amd64/lib/libmanagement_ext.so
7f7d19191000-7f7d19192000 r--p 00004000 08:01 918697                     /usr/lib/jvm/java-11-openjdk-amd64/lib/libmanagement_ext.so
7f7d19192000-7f7d19193000 rw-p 00005000 08:01 918697                     /usr/lib/jvm/java-11-openjdk-amd64/lib/libmanagement_ext.so
7f7d19193000-7f7d19197000 r-xp 00000000 08:01 918695                     /usr/lib/jvm/java-11-openjdk-amd64/lib/libmanagement.so
7f7d19197000-7f7d19396000 ---p 00004000 08:01 918695                     /usr/lib/jvm/java-11-openjdk-amd64/lib/libmanagement.so
7f7d19396000-7f7d19397000 r--p 00003000 08:01 918695                     /usr/lib/jvm/java-11-openjdk-amd64/lib/libmanagement.so
7f7d19397000-7f7d19398000 rw-p 00004000 08:01 918695                     /usr/lib/jvm/java-11-openjdk-amd64/lib/libmanagement.so
7f7d19433000-7f7d19437000 ---p 00000000 00:00 0 
7f7d19437000-7f7d19534000 rw-p 00000000 00:00 0 
7f7d19534000-7f7d19538000 ---p 00000000 00:00 0 
7f7d19538000-7f7d19635000 rw-p 00000000 00:00 0 
7f7d19635000-7f7d19639000 ---p 00000000 00:00 0 
7f7d19639000-7f7d19736000 rw-p 00000000 00:00 0 
7f7d197ef000-7f7d197f3000 ---p 00000000 00:00 0 
7f7d197f3000-7f7d198f0000 rw-p 00000000 00:00 0 
7f7d198f0000-7f7d198f1000 ---p 00000000 00:00 0 
7f7d198f1000-7f7d199f2000 rw-p 00000000 00:00 0 
7f7d199f2000-7f7d199f3000 ---p 00000000 00:00 0 
7f7d199f3000-7f7d19af4000 rw-p 00000000 00:00 0 
7f7d19af4000-7f7d19af8000 ---p 00000000 00:00 0 
7f7d19af8000-7f7d19bf5000 rw-p 00000000 00:00 0 
7f7d19bf5000-7f7d19bf6000 ---p 00000000 00:00 0 
7f7d19bf6000-7f7d19cf7000 rw-p 00000000 00:00 0 
7f7d19cf7000-7f7d19cf8000 ---p 00000000 00:00 0 
7f7d19cf8000-7f7d19df9000 rw-p 00000000 00:00 0 
7f7d19df9000-7f7d19dfd000 ---p 00000000 00:00 0 
7f7d19dfd000-7f7d19efa000 rw-p 00000000 00:00 0 
7f7d19efa000-7f7d19f10000 r-xp 00000000 08:01 918699                     /usr/lib/jvm/java-11-openjdk-amd64/lib/libnet.so
7f7d19f10000-7f7d1a10f000 ---p 00016000 08:01 918699                     /usr/lib/jvm/java-11-openjdk-amd64/lib/libnet.so
7f7d1a10f000-7f7d1a110000 r--p 00015000 08:01 918699                     /usr/lib/jvm/java-11-openjdk-amd64/lib/libnet.so
7f7d1a110000-7f7d1a111000 rw-p 00016000 08:01 918699                     /usr/lib/jvm/java-11-openjdk-amd64/lib/libnet.so
7f7d1a111000-7f7d1a121000 r-xp 00000000 08:01 918700                     /usr/lib/jvm/java-11-openjdk-amd64/lib/libnio.so
7f7d1a121000-7f7d1a320000 ---p 00010000 08:01 918700                     /usr/lib/jvm/java-11-openjdk-amd64/lib/libnio.so
7f7d1a320000-7f7d1a321000 r--p 0000f000 08:01 918700                     /usr/lib/jvm/java-11-openjdk-amd64/lib/libnio.so
7f7d1a321000-7f7d1a322000 rw-p 00010000 08:01 918700                     /usr/lib/jvm/java-11-openjdk-amd64/lib/libnio.so
7f7d1a322000-7f7d1a326000 ---p 00000000 00:00 0 
7f7d1a326000-7f7d1a423000 rw-p 00000000 00:00 0 
7f7d1a423000-7f7d1a427000 ---p 00000000 00:00 0 
7f7d1a427000-7f7d1a524000 rw-p 00000000 00:00 0 
7f7d1a524000-7f7d1a528000 ---p 00000000 00:00 0 
7f7d1a528000-7f7d1a625000 rw-p 00000000 00:00 0 
7f7d1a625000-7f7d1a629000 r-xp 00000000 08:01 918679                     /usr/lib/jvm/java-11-openjdk-amd64/lib/libdt_socket.so
7f7d1a629000-7f7d1a829000 ---p 00004000 08:01 918679                     /usr/lib/jvm/java-11-openjdk-amd64/lib/libdt_socket.so
7f7d1a829000-7f7d1a82a000 r--p 00004000 08:01 918679                     /usr/lib/jvm/java-11-openjdk-amd64/lib/libdt_socket.so
7f7d1a82a000-7f7d1a82b000 rw-p 00005000 08:01 918679                     /usr/lib/jvm/java-11-openjdk-amd64/lib/libdt_socket.so
7f7d1a82b000-7f7d1a82f000 ---p 00000000 00:00 0 
7f7d1a82f000-7f7d1a92c000 rw-p 00000000 00:00 0 
7f7d1a92c000-7f7d1a930000 ---p 00000000 00:00 0 
7f7d1a930000-7f7d1aa2d000 rw-p 00000000 00:00 0 
7f7d1aa2d000-7f7d1aa31000 ---p 00000000 00:00 0 
7f7d1aa31000-7f7d1ab2e000 rw-p 00000000 00:00 0 
7f7d1ab2e000-7f7d1ab32000 ---p 00000000 00:00 0 
7f7d1ab32000-7f7d1ac2f000 rw-p 00000000 00:00 0 
7f7d1ac2f000-7f7d1ac33000 ---p 00000000 00:00 0 
7f7d1ac33000-7f7d1ad30000 rw-p 00000000 00:00 0 
7f7d1ad30000-7f7d1b6ff000 r--p 00000000 08:01 11410038                   /usr/lib/locale/locale-archive
7f7d1b6ff000-7f7d1b703000 ---p 00000000 00:00 0 
7f7d1b703000-7f7d1c000000 rw-p 00000000 00:00 0 
7f7d1c000000-7f7d1ed73000 rw-p 00000000 00:00 0 
7f7d1ed73000-7f7d20000000 ---p 00000000 00:00 0 
7f7d20000000-7f7d20535000 rw-p 00000000 00:00 0 
7f7d20535000-7f7d24000000 ---p 00000000 00:00 0 
7f7d24000000-7f7d24035000 rw-p 00000000 00:00 0 
7f7d24035000-7f7d28000000 ---p 00000000 00:00 0 
7f7d280f7000-7f7d280fb000 ---p 00000000 00:00 0 
7f7d280fb000-7f7d2a4bc000 rw-p 00000000 00:00 0 
7f7d2a4bc000-7f7d2bff8000 ---p 00000000 00:00 0 
7f7d2bff8000-7f7d2c000000 rw-p 00000000 00:00 0 
7f7d2c000000-7f7d2c041000 rw-p 00000000 00:00 0 
7f7d2c041000-7f7d30000000 ---p 00000000 00:00 0 
7f7d3002f000-7f7d30030000 ---p 00000000 00:00 0 
7f7d30030000-7f7d30131000 rw-p 00000000 00:00 0 
7f7d30131000-7f7d30132000 ---p 00000000 00:00 0 
7f7d30132000-7f7d30233000 rw-p 00000000 00:00 0 
7f7d30233000-7f7d30234000 ---p 00000000 00:00 0 
7f7d30234000-7f7d30739000 rw-p 00000000 00:00 0 
7f7d30739000-7f7d3073a000 ---p 00000000 00:00 0 
7f7d3073a000-7f7d3083b000 rw-p 00000000 00:00 0 
7f7d3083b000-7f7d3083c000 ---p 00000000 00:00 0 
7f7d3083c000-7f7d30c01000 rw-p 00000000 00:00 0 
7f7d30c01000-7f7d3273d000 ---p 00000000 00:00 0 
7f7d3273d000-7f7d3279e000 rw-p 00000000 00:00 0 
7f7d3279e000-7f7d32b05000 ---p 00000000 00:00 0 
7f7d32b05000-7f7d32b5f000 rw-p 00000000 00:00 0 
7f7d32b5f000-7f7d32ec6000 ---p 00000000 00:00 0 
7f7d32ec6000-7f7d32f20000 rw-p 00000000 00:00 0 
7f7d32f20000-7f7d33287000 ---p 00000000 00:00 0 
7f7d33287000-7f7d3368c000 rw-p 00000000 00:00 0 
7f7d3368c000-7f7d3368d000 ---p 00000000 00:00 0 
7f7d3368d000-7f7d3379e000 rw-p 00000000 00:00 0 
7f7d3379e000-7f7d33879000 ---p 00000000 00:00 0 
7f7d33879000-7f7d33ae9000 rwxp 00000000 00:00 0 
7f7d33ae9000-7f7d33e09000 ---p 00000000 00:00 0 
7f7d33e09000-7f7d350a9000 rwxp 00000000 00:00 0 
7f7d350a9000-7f7d3b341000 ---p 00000000 00:00 0 
7f7d3b341000-7f7d3bb21000 rwxp 00000000 00:00 0 
7f7d3bb21000-7f7d42879000 ---p 00000000 00:00 0 
7f7d4af69000-7f7d4af6e000 r-xp 00000000 08:01 918691                     /usr/lib/jvm/java-11-openjdk-amd64/lib/libjimage.so
7f7d4af6e000-7f7d4b16d000 ---p 00005000 08:01 918691                     /usr/lib/jvm/java-11-openjdk-amd64/lib/libjimage.so
7f7d4b16d000-7f7d4b16e000 r--p 00004000 08:01 918691                     /usr/lib/jvm/java-11-openjdk-amd64/lib/libjimage.so
7f7d4b16e000-7f7d4b16f000 rw-p 00005000 08:01 918691                     /usr/lib/jvm/java-11-openjdk-amd64/lib/libjimage.so
7f7d4b16f000-7f7d4b176000 r-xp 00000000 08:01 918708                     /usr/lib/jvm/java-11-openjdk-amd64/lib/libzip.so
7f7d4b176000-7f7d4b375000 ---p 00007000 08:01 918708                     /usr/lib/jvm/java-11-openjdk-amd64/lib/libzip.so
7f7d4b375000-7f7d4b376000 r--p 00006000 08:01 918708                     /usr/lib/jvm/java-11-openjdk-amd64/lib/libzip.so
7f7d4b376000-7f7d4b377000 rw-p 00007000 08:01 918708                     /usr/lib/jvm/java-11-openjdk-amd64/lib/libzip.so
7f7d4b377000-7f7d4b382000 r-xp 00000000 08:01 3674873                    /lib/x86_64-linux-gnu/libnss_files-2.27.so
7f7d4b382000-7f7d4b581000 ---p 0000b000 08:01 3674873                    /lib/x86_64-linux-gnu/libnss_files-2.27.so
7f7d4b581000-7f7d4b582000 r--p 0000a000 08:01 3674873                    /lib/x86_64-linux-gnu/libnss_files-2.27.so
7f7d4b582000-7f7d4b583000 rw-p 0000b000 08:01 3674873                    /lib/x86_64-linux-gnu/libnss_files-2.27.so
7f7d4b583000-7f7d4b589000 rw-p 00000000 00:00 0 
7f7d4b589000-7f7d4b5a0000 r-xp 00000000 08:01 3674867                    /lib/x86_64-linux-gnu/libnsl-2.27.so
7f7d4b5a0000-7f7d4b79f000 ---p 00017000 08:01 3674867                    /lib/x86_64-linux-gnu/libnsl-2.27.so
7f7d4b79f000-7f7d4b7a0000 r--p 00016000 08:01 3674867                    /lib/x86_64-linux-gnu/libnsl-2.27.so
7f7d4b7a0000-7f7d4b7a1000 rw-p 00017000 08:01 3674867                    /lib/x86_64-linux-gnu/libnsl-2.27.so
7f7d4b7a1000-7f7d4b7a3000 rw-p 00000000 00:00 0 
7f7d4b7a3000-7f7d4b7ae000 r-xp 00000000 08:01 3674884                    /lib/x86_64-linux-gnu/libnss_nis-2.27.so
7f7d4b7ae000-7f7d4b9ad000 ---p 0000b000 08:01 3674884                    /lib/x86_64-linux-gnu/libnss_nis-2.27.so
7f7d4b9ad000-7f7d4b9ae000 r--p 0000a000 08:01 3674884                    /lib/x86_64-linux-gnu/libnss_nis-2.27.so
7f7d4b9ae000-7f7d4b9af000 rw-p 0000b000 08:01 3674884                    /lib/x86_64-linux-gnu/libnss_nis-2.27.so
7f7d4b9af000-7f7d4b9b7000 r-xp 00000000 08:01 3674869                    /lib/x86_64-linux-gnu/libnss_compat-2.27.so
7f7d4b9b7000-7f7d4bbb7000 ---p 00008000 08:01 3674869                    /lib/x86_64-linux-gnu/libnss_compat-2.27.so
7f7d4bbb7000-7f7d4bbb8000 r--p 00008000 08:01 3674869                    /lib/x86_64-linux-gnu/libnss_compat-2.27.so
7f7d4bbb8000-7f7d4bbb9000 rw-p 00009000 08:01 3674869                    /lib/x86_64-linux-gnu/libnss_compat-2.27.so
7f7d4bbb9000-7f7d4bbc3000 r-xp 00000000 08:01 918682                     /usr/lib/jvm/java-11-openjdk-amd64/lib/libinstrument.so
7f7d4bbc3000-7f7d4bdc2000 ---p 0000a000 08:01 918682                     /usr/lib/jvm/java-11-openjdk-amd64/lib/libinstrument.so
7f7d4bdc2000-7f7d4bdc3000 r--p 00009000 08:01 918682                     /usr/lib/jvm/java-11-openjdk-amd64/lib/libinstrument.so
7f7d4bdc3000-7f7d4bdc4000 rw-p 0000a000 08:01 918682                     /usr/lib/jvm/java-11-openjdk-amd64/lib/libinstrument.so
7f7d4bdc4000-7f7d4bdff000 r-xp 00000000 08:01 918690                     /usr/lib/jvm/java-11-openjdk-amd64/lib/libjdwp.so
7f7d4bdff000-7f7d4bffe000 ---p 0003b000 08:01 918690                     /usr/lib/jvm/java-11-openjdk-amd64/lib/libjdwp.so
7f7d4bffe000-7f7d4bfff000 r--p 0003a000 08:01 918690                     /usr/lib/jvm/java-11-openjdk-amd64/lib/libjdwp.so
7f7d4bfff000-7f7d4c000000 rw-p 0003b000 08:01 918690                     /usr/lib/jvm/java-11-openjdk-amd64/lib/libjdwp.so
7f7d4c000000-7f7d4cbae000 rw-p 00000000 00:00 0 
7f7d4cbae000-7f7d50000000 ---p 00000000 00:00 0 
7f7d50004000-7f7d50008000 ---p 00000000 00:00 0 
7f7d50008000-7f7d50026000 rw-p 00000000 00:00 0 
7f7d50026000-7f7d5002a000 ---p 00000000 00:00 0 
7f7d5002a000-7f7d500ef000 rw-p 00000000 00:00 0 
7f7d500ef000-7f7d501b4000 ---p 00000000 00:00 0 
7f7d501b4000-7f7d501dd000 r-xp 00000000 08:01 918687                     /usr/lib/jvm/java-11-openjdk-amd64/lib/libjava.so
7f7d501dd000-7f7d503dc000 ---p 00029000 08:01 918687                     /usr/lib/jvm/java-11-openjdk-amd64/lib/libjava.so
7f7d503dc000-7f7d503dd000 r--p 00028000 08:01 918687                     /usr/lib/jvm/java-11-openjdk-amd64/lib/libjava.so
7f7d503dd000-7f7d503df000 rw-p 00029000 08:01 918687                     /usr/lib/jvm/java-11-openjdk-amd64/lib/libjava.so
7f7d503df000-7f7d503ec000 r-xp 00000000 08:01 918707                     /usr/lib/jvm/java-11-openjdk-amd64/lib/libverify.so
7f7d503ec000-7f7d505eb000 ---p 0000d000 08:01 918707                     /usr/lib/jvm/java-11-openjdk-amd64/lib/libverify.so
7f7d505eb000-7f7d505ed000 r--p 0000c000 08:01 918707                     /usr/lib/jvm/java-11-openjdk-amd64/lib/libverify.so
7f7d505ed000-7f7d505ee000 rw-p 0000e000 08:01 918707                     /usr/lib/jvm/java-11-openjdk-amd64/lib/libverify.so
7f7d505ee000-7f7d505f5000 r-xp 00000000 08:01 3674924                    /lib/x86_64-linux-gnu/librt-2.27.so
7f7d505f5000-7f7d507f4000 ---p 00007000 08:01 3674924                    /lib/x86_64-linux-gnu/librt-2.27.so
7f7d507f4000-7f7d507f5000 r--p 00006000 08:01 3674924                    /lib/x86_64-linux-gnu/librt-2.27.so
7f7d507f5000-7f7d507f6000 rw-p 00007000 08:01 3674924                    /lib/x86_64-linux-gnu/librt-2.27.so
7f7d507f6000-7f7d5080d000 r-xp 00000000 08:01 3675249                    /lib/x86_64-linux-gnu/libgcc_s.so.1
7f7d5080d000-7f7d50a0c000 ---p 00017000 08:01 3675249                    /lib/x86_64-linux-gnu/libgcc_s.so.1
7f7d50a0c000-7f7d50a0d000 r--p 00016000 08:01 3675249                    /lib/x86_64-linux-gnu/libgcc_s.so.1
7f7d50a0d000-7f7d50a0e000 rw-p 00017000 08:01 3675249                    /lib/x86_64-linux-gnu/libgcc_s.so.1
7f7d50a0e000-7f7d50bab000 r-xp 00000000 08:01 3674846                    /lib/x86_64-linux-gnu/libm-2.27.so
7f7d50bab000-7f7d50daa000 ---p 0019d000 08:01 3674846                    /lib/x86_64-linux-gnu/libm-2.27.so
7f7d50daa000-7f7d50dab000 r--p 0019c000 08:01 3674846                    /lib/x86_64-linux-gnu/libm-2.27.so
7f7d50dab000-7f7d50dac000 rw-p 0019d000 08:01 3674846                    /lib/x86_64-linux-gnu/libm-2.27.so
7f7d50dac000-7f7d50f25000 r-xp 00000000 08:01 11409065                   /usr/lib/x86_64-linux-gnu/libstdc++.so.6.0.25
7f7d50f25000-7f7d51125000 ---p 00179000 08:01 11409065                   /usr/lib/x86_64-linux-gnu/libstdc++.so.6.0.25
7f7d51125000-7f7d5112f000 r--p 00179000 08:01 11409065                   /usr/lib/x86_64-linux-gnu/libstdc++.so.6.0.25
7f7d5112f000-7f7d51131000 rw-p 00183000 08:01 11409065                   /usr/lib/x86_64-linux-gnu/libstdc++.so.6.0.25
7f7d51131000-7f7d51135000 rw-p 00000000 00:00 0 
7f7d51135000-7f7d5220e000 r-xp 00000000 08:01 918714                     /usr/lib/jvm/java-11-openjdk-amd64/lib/server/libjvm.so
7f7d5220e000-7f7d5240d000 ---p 010d9000 08:01 918714                     /usr/lib/jvm/java-11-openjdk-amd64/lib/server/libjvm.so
7f7d5240d000-7f7d524ca000 r--p 010d8000 08:01 918714                     /usr/lib/jvm/java-11-openjdk-amd64/lib/server/libjvm.so
7f7d524ca000-7f7d52504000 rw-p 01195000 08:01 918714                     /usr/lib/jvm/java-11-openjdk-amd64/lib/server/libjvm.so
7f7d52504000-7f7d5255a000 rw-p 00000000 00:00 0 
7f7d5255a000-7f7d52574000 r-xp 00000000 08:01 3674916                    /lib/x86_64-linux-gnu/libpthread-2.27.so
7f7d52574000-7f7d52773000 ---p 0001a000 08:01 3674916                    /lib/x86_64-linux-gnu/libpthread-2.27.so
7f7d52773000-7f7d52774000 r--p 00019000 08:01 3674916                    /lib/x86_64-linux-gnu/libpthread-2.27.so
7f7d52774000-7f7d52775000 rw-p 0001a000 08:01 3674916                    /lib/x86_64-linux-gnu/libpthread-2.27.so
7f7d52775000-7f7d52779000 rw-p 00000000 00:00 0 
7f7d52779000-7f7d5277c000 r-xp 00000000 08:01 3674806                    /lib/x86_64-linux-gnu/libdl-2.27.so
7f7d5277c000-7f7d5297b000 ---p 00003000 08:01 3674806                    /lib/x86_64-linux-gnu/libdl-2.27.so
7f7d5297b000-7f7d5297c000 r--p 00002000 08:01 3674806                    /lib/x86_64-linux-gnu/libdl-2.27.so
7f7d5297c000-7f7d5297d000 rw-p 00003000 08:01 3674806                    /lib/x86_64-linux-gnu/libdl-2.27.so
7f7d5297d000-7f7d52999000 r-xp 00000000 08:01 3674955                    /lib/x86_64-linux-gnu/libz.so.1.2.11
7f7d52999000-7f7d52b98000 ---p 0001c000 08:01 3674955                    /lib/x86_64-linux-gnu/libz.so.1.2.11
7f7d52b98000-7f7d52b99000 r--p 0001b000 08:01 3674955                    /lib/x86_64-linux-gnu/libz.so.1.2.11
7f7d52b99000-7f7d52b9a000 rw-p 0001c000 08:01 3674955                    /lib/x86_64-linux-gnu/libz.so.1.2.11
7f7d52b9a000-7f7d52d81000 r-xp 00000000 08:01 3674783                    /lib/x86_64-linux-gnu/libc-2.27.so
7f7d52d81000-7f7d52f81000 ---p 001e7000 08:01 3674783                    /lib/x86_64-linux-gnu/libc-2.27.so
7f7d52f81000-7f7d52f85000 r--p 001e7000 08:01 3674783                    /lib/x86_64-linux-gnu/libc-2.27.so
7f7d52f85000-7f7d52f87000 rw-p 001eb000 08:01 3674783                    /lib/x86_64-linux-gnu/libc-2.27.so
7f7d52f87000-7f7d52f8b000 rw-p 00000000 00:00 0 
7f7d52f8b000-7f7d52f9b000 r-xp 00000000 08:01 918671                     /usr/lib/jvm/java-11-openjdk-amd64/lib/jli/libjli.so
7f7d52f9b000-7f7d5319a000 ---p 00010000 08:01 918671                     /usr/lib/jvm/java-11-openjdk-amd64/lib/jli/libjli.so
7f7d5319a000-7f7d5319b000 r--p 0000f000 08:01 918671                     /usr/lib/jvm/java-11-openjdk-amd64/lib/jli/libjli.so
7f7d5319b000-7f7d5319c000 rw-p 00010000 08:01 918671                     /usr/lib/jvm/java-11-openjdk-amd64/lib/jli/libjli.so
7f7d5319c000-7f7d531c3000 r-xp 00000000 08:01 3674755                    /lib/x86_64-linux-gnu/ld-2.27.so
7f7d531e2000-7f7d531e6000 ---p 00000000 00:00 0 
7f7d531e6000-7f7d53204000 rw-p 00000000 00:00 0 
7f7d53204000-7f7d5320b000 r--s 00000000 08:01 11668238                   /usr/lib/x86_64-linux-gnu/gconv/gconv-modules.cache
7f7d5320b000-7f7d532a6000 rw-p 00000000 00:00 0 
7f7d532a6000-7f7d532aa000 ---p 00000000 00:00 0 
7f7d532aa000-7f7d533a9000 rw-p 00000000 00:00 0 
7f7d533ab000-7f7d533b0000 rw-p 00000000 00:00 0 
7f7d533b0000-7f7d533b7000 ---p 00000000 00:00 0 
7f7d533b7000-7f7d533bf000 rw-s 00000000 08:01 13893878                   /tmp/hsperfdata_anu/5522
7f7d533bf000-7f7d533c0000 ---p 00000000 00:00 0 
7f7d533c0000-7f7d533c1000 r--p 00000000 00:00 0 
7f7d533c1000-7f7d533c3000 rw-p 00000000 00:00 0 
7f7d533c3000-7f7d533c4000 r--p 00027000 08:01 3674755                    /lib/x86_64-linux-gnu/ld-2.27.so
7f7d533c4000-7f7d533c5000 rw-p 00028000 08:01 3674755                    /lib/x86_64-linux-gnu/ld-2.27.so
7f7d533c5000-7f7d533c6000 rw-p 00000000 00:00 0 
7ffca95a3000-7ffca95c7000 rw-p 00000000 00:00 0                          [stack]
7ffca95ed000-7ffca95f0000 r--p 00000000 00:00 0                          [vvar]
7ffca95f0000-7ffca95f2000 r-xp 00000000 00:00 0                          [vdso]
ffffffffff600000-ffffffffff601000 r-xp 00000000 00:00 0                  [vsyscall]


VM Arguments:
jvm_args: -agentlib:jdwp=transport=dt_socket,suspend=y,address=localhost:37929 -javaagent:/home/anu/eclipse/jee-2020-03/eclipse/configuration/org.eclipse.osgi/405/0/.cp/lib/javaagent-shaded.jar -Dfile.encoding=UTF-8 
java_command: com.zuci.zio.Application
java_class_path (initial): /home/anu/Workspace/Zio/Zio/target/classes:/home/anu/.m2/repository/com/vaadin/vaadin/14.1.25/vaadin-14.1.25.jar:/home/anu/.m2/repository/com/vaadin/vaadin-core/14.1.25/vaadin-core-14.1.25.jar:/home/anu/.m2/repository/com/vaadin/flow-server/2.1.8/flow-server-2.1.8.jar:/home/anu/.m2/repository/com/vaadin/external/gwt/gwt-elemental/2.8.2.vaadin2/gwt-elemental-2.8.2.vaadin2.jar:/home/anu/.m2/repository/commons-fileupload/commons-fileupload/1.3.3/commons-fileupload-1.3.3.jar:/home/anu/.m2/repository/commons-io/commons-io/2.5/commons-io-2.5.jar:/home/anu/.m2/repository/org/jsoup/jsoup/1.12.1/jsoup-1.12.1.jar:/home/anu/.m2/repository/com/helger/ph-css/6.1.1/ph-css-6.1.1.jar:/home/anu/.m2/repository/com/helger/ph-commons/9.1.2/ph-commons-9.1.2.jar:/home/anu/.m2/repository/com/vaadin/external/gentyref/1.2.0.vaadin1/gentyref-1.2.0.vaadin1.jar:/home/anu/.m2/repository/com/vaadin/flow-push/2.1.8/flow-push-2.1.8.jar:/home/anu/.m2/repository/com/vaadin/external/atmosphere/atmosphere-runtime/2.4.30.slf4jvaadin1/atmosphere-runtime-2.4.30.slf4jvaadin1.jar:/home/anu/.m2/repository/com/vaadin/flow-client/2.1.8/flow-client-2.1.8.jar:/home/anu/.m2/repository/com/vaadin/flow-html-components/2.1.8/flow-html-components-2.1.8.jar:/home/anu/.m2/repository/com/vaadin/flow-data/2.1.8/flow-data-2.1.8.jar:/home/anu/.m2/repository/javax/validation/validation-api/2.0.1.Final/validation-api-2.0.1.Final.jar:/home/anu/.m2/repository/com/vaadin/flow-dnd/2.1.8/flow-dnd-2.1.8.jar:/home/anu/.m2/repository/org/webjars/npm/vaadin__vaadin-mobile-drag-drop/1.0.0/vaadin__vaadin-mobile-drag-drop-1.0.0.jar:/home/anu/.m2/repository/org/webjars/npm/mobile-drag-drop/2.3.0-rc.1/mobile-drag-drop-2.3.0-rc.1.jar:/home/anu/.m2/repository/com/vaadin/vaadin-lumo-theme/2.1.8/vaadin-lumo-theme-2.1.8.jar:/home/anu/.m2/repository/com/vaadin/vaadin-material-theme/2.1.8/vaadin-material-theme-2.1.8.jar:/home/anu/.m2/repository/com/vaadin/vaadin-accordion-flow/2.0.0/vaadin-accordion-flow-2.0.0.jar:/
Launcher Type: SUN_STANDARD

[Global flags]
     intx CICompilerCount                          = 3                                         {product} {ergonomic}
     uint ConcGCThreads                            = 1                                         {product} {ergonomic}
     uint G1ConcRefinementThreads                  = 4                                         {product} {ergonomic}
   size_t G1HeapRegionSize                         = 1048576                                   {product} {ergonomic}
    uintx GCDrainStackTargetSize                   = 64                                        {product} {ergonomic}
   size_t InitialHeapSize                          = 127926272                                 {product} {ergonomic}
   size_t MarkStackSize                            = 4194304                                   {product} {ergonomic}
   size_t MaxHeapSize                              = 2015363072                                {product} {ergonomic}
   size_t MaxNewSize                               = 1209008128                                {product} {ergonomic}
   size_t MinHeapDeltaBytes                        = 1048576                                   {product} {ergonomic}
    uintx NonNMethodCodeHeapSize                   = 5830732                                {pd product} {ergonomic}
    uintx NonProfiledCodeHeapSize                  = 122913754                              {pd product} {ergonomic}
    uintx ProfiledCodeHeapSize                     = 122913754                              {pd product} {ergonomic}
    uintx ReservedCodeCacheSize                    = 251658240                              {pd product} {ergonomic}
     bool SegmentedCodeCache                       = true                                      {product} {ergonomic}
     bool UseCompressedClassPointers               = true                                 {lp64_product} {ergonomic}
     bool UseCompressedOops                        = true                                 {lp64_product} {ergonomic}
     bool UseG1GC                                  = true                                      {product} {ergonomic}

Logging:
Log output configuration:
 #0: stdout all=warning uptime,level,tags
 #1: stderr all=off uptime,level,tags

Environment Variables:
PATH=/usr/local/sbin:/usr/local/bin:/usr/sbin:/usr/bin:/sbin:/bin:/usr/games:/usr/local/games:/usr/bin:/snap/bin
USERNAME=anu
LD_LIBRARY_PATH=/usr/lib
SHELL=/bin/bash
DISPLAY=:0

Signal Handlers:
SIGSEGV: [libjvm.so+0xdf1470], sa_mask[0]=11111111011111111101111111111110, sa_flags=SA_RESTART|SA_SIGINFO
SIGBUS: [libjvm.so+0xdf1470], sa_mask[0]=11111111011111111101111111111110, sa_flags=SA_RESTART|SA_SIGINFO
SIGFPE: [libjvm.so+0xdf1470], sa_mask[0]=11111111011111111101111111111110, sa_flags=SA_RESTART|SA_SIGINFO
SIGPIPE: [libjvm.so+0xbc5560], sa_mask[0]=11111111011111111101111111111110, sa_flags=SA_RESTART|SA_SIGINFO
SIGXFSZ: [libjvm.so+0xbc5560], sa_mask[0]=11111111011111111101111111111110, sa_flags=SA_RESTART|SA_SIGINFO
SIGILL: [libjvm.so+0xdf1470], sa_mask[0]=11111111011111111101111111111110, sa_flags=SA_RESTART|SA_SIGINFO
SIGUSR2: [libjvm.so+0xbc5400], sa_mask[0]=00100000000000000000000000000000, sa_flags=SA_RESTART|SA_SIGINFO
SIGHUP: [libjvm.so+0xbc5760], sa_mask[0]=11111111011111111101111111111110, sa_flags=SA_RESTART|SA_SIGINFO
SIGINT: [libjvm.so+0xbc5760], sa_mask[0]=11111111011111111101111111111110, sa_flags=SA_RESTART|SA_SIGINFO
SIGTERM: [libjvm.so+0xbc5760], sa_mask[0]=11111111011111111101111111111110, sa_flags=SA_RESTART|SA_SIGINFO
SIGQUIT: [libjvm.so+0xbc5760], sa_mask[0]=11111111011111111101111111111110, sa_flags=SA_RESTART|SA_SIGINFO


---------------  S Y S T E M  ---------------

OS:DISTRIB_ID=Ubuntu
DISTRIB_RELEASE=18.04
DISTRIB_CODENAME=bionic
DISTRIB_DESCRIPTION="Ubuntu 18.04.4 LTS"
uname:Linux 4.15.0-91-generic #92-Ubuntu SMP Fri Feb 28 11:09:48 UTC 2020 x86_64
libc:glibc 2.27 NPTL 2.27 
rlimit: STACK 8192k, CORE 0k, NPROC 30554, NOFILE 4096, AS infinity, DATA infinity, FSIZE infinity
load average:0.62 0.24 0.19

/proc/meminfo:
MemTotal:        7868716 kB
MemFree:         1898776 kB
MemAvailable:    3296076 kB
Buffers:          308088 kB
Cached:          1655964 kB
SwapCached:         3496 kB
Active:          4369472 kB
Inactive:        1172236 kB
Active(anon):    3334492 kB
Inactive(anon):   650236 kB
Active(file):    1034980 kB
Inactive(file):   522000 kB
Unevictable:          64 kB
Mlocked:              64 kB
SwapTotal:      15998972 kB
SwapFree:       15972092 kB
Dirty:              3848 kB
Writeback:             0 kB
AnonPages:       3576352 kB
Mapped:           652492 kB
Shmem:            408228 kB
Slab:             249952 kB
SReclaimable:     118168 kB
SUnreclaim:       131784 kB
KernelStack:       17064 kB
PageTables:        74100 kB
NFS_Unstable:          0 kB
Bounce:                0 kB
WritebackTmp:          0 kB
CommitLimit:    19933328 kB
Committed_AS:   10422500 kB
VmallocTotal:   34359738367 kB
VmallocUsed:           0 kB
VmallocChunk:          0 kB
HardwareCorrupted:     0 kB
AnonHugePages:         0 kB
ShmemHugePages:        0 kB
ShmemPmdMapped:        0 kB
CmaTotal:              0 kB
CmaFree:               0 kB
HugePages_Total:       0
HugePages_Free:        0
HugePages_Rsvd:        0
HugePages_Surp:        0
Hugepagesize:       2048 kB
DirectMap4k:      409808 kB
DirectMap2M:     7675904 kB
DirectMap1G:     1048576 kB


/proc/sys/kernel/threads-max (system-wide limit on the number of threads):
61108


/proc/sys/vm/max_map_count (maximum number of memory map areas a process may have):
65530


/proc/sys/kernel/pid_max (system-wide limit on number of process identifiers):
32768



container (cgroup) information:
container_type: cgroupv1
cpu_cpuset_cpus: 0-3
cpu_memory_nodes: 0
active_processor_count: 4
cpu_quota: -1
cpu_period: 100000
cpu_shares: -1
memory_limit_in_bytes: -1
memory_and_swap_limit_in_bytes: -2
memory_soft_limit_in_bytes: -1
memory_usage_in_bytes: 4516929536
memory_max_usage_in_bytes: 6812692480

Steal ticks since vm start: 0
Steal ticks percentage since vm start:  0.000

CPU:total 4 (initial active 4) (2 cores per cpu, 2 threads per core) family 6 model 69 stepping 1, cmov, cx8, fxsr, mmx, sse, sse2, sse3, ssse3, sse4.1, sse4.2, popcnt, avx, avx2, aes, clmul, erms, lzcnt, ht, tsc, tscinvbit, bmi1, bmi2, fma
CPU Model and flags from /proc/cpuinfo:
model name	: Intel(R) Core(TM) i5-4200U CPU @ 1.60GHz
flags		: fpu vme de pse tsc msr pae mce cx8 apic sep mtrr pge mca cmov pat pse36 clflush dts acpi mmx fxsr sse sse2 ss ht tm pbe syscall nx pdpe1gb rdtscp lm constant_tsc arch_perfmon pebs bts rep_good nopl xtopology nonstop_tsc cpuid aperfmperf pni pclmulqdq dtes64 monitor ds_cpl vmx est tm2 ssse3 sdbg fma cx16 xtpr pdcm pcid sse4_1 sse4_2 movbe popcnt tsc_deadline_timer aes xsave avx f16c rdrand lahf_lm abm cpuid_fault epb invpcid_single pti ssbd ibrs ibpb stibp tpr_shadow vnmi flexpriority ept vpid fsgsbase tsc_adjust bmi1 avx2 smep bmi2 erms invpcid xsaveopt dtherm ida arat pln pts md_clear flush_l1d

Memory: 4k page, physical 7868716k(1898776k free), swap 15998972k(15972092k free)

vm_info: OpenJDK 64-Bit Server VM (11.0.6+10-post-Ubuntu-1ubuntu118.04.1) for linux-amd64 JRE (11.0.6+10-post-Ubuntu-1ubuntu118.04.1), built on Jan 15 2020 15:14:00 by "unknown" with gcc 7.4.0

END.
